{"C:\\Users\\DS\\PRH-Client-Web\\fileMock.js": {"path":"C:\\Users\\DS\\PRH-Client-Web\\fileMock.js","statementMap":{"0":{"start":{"line":1,"column":0},"end":{"line":1,"column":34}}},"fnMap":{},"branchMap":{},"s":{"0":1},"f":{},"b":{},"inputSourceMap":null,"_coverageSchema":"1a1c01bbd47fc00a2c39e90264f33305004495a9","hash":"0ab1d65c4b702969e70f5a5e9e3086587e841a0c"}
,"C:\\Users\\DS\\PRH-Client-Web\\styleMock.js": {"path":"C:\\Users\\DS\\PRH-Client-Web\\styleMock.js","statementMap":{"0":{"start":{"line":2,"column":0},"end":{"line":2,"column":20}}},"fnMap":{},"branchMap":{},"s":{"0":2},"f":{},"b":{},"inputSourceMap":null,"_coverageSchema":"1a1c01bbd47fc00a2c39e90264f33305004495a9","hash":"10d25628ccce4d2709cf7a1bed376b684ec18071"}
,"C:\\Users\\DS\\PRH-Client-Web\\src\\components\\Dashboard\\Dashboard.tsx": {"path":"C:\\Users\\DS\\PRH-Client-Web\\src\\components\\Dashboard\\Dashboard.tsx","statementMap":{"0":{"start":{"line":1,"column":0},"end":{"line":1,"column":51}},"1":{"start":{"line":2,"column":0},"end":{"line":2,"column":26}},"2":{"start":{"line":4,"column":0},"end":{"line":4,"column":26}},"3":{"start":{"line":5,"column":0},"end":{"line":5,"column":52}},"4":{"start":{"line":6,"column":0},"end":{"line":6,"column":52}},"5":{"start":{"line":7,"column":0},"end":{"line":7,"column":64}},"6":{"start":{"line":8,"column":0},"end":{"line":8,"column":47}},"7":{"start":{"line":10,"column":0},"end":{"line":10,"column":36}},"8":{"start":{"line":11,"column":0},"end":{"line":11,"column":40}},"9":{"start":{"line":12,"column":0},"end":{"line":12,"column":40}},"10":{"start":{"line":13,"column":0},"end":{"line":13,"column":50}},"11":{"start":{"line":14,"column":0},"end":{"line":14,"column":62}},"12":{"start":{"line":15,"column":0},"end":{"line":15,"column":52}},"13":{"start":{"line":16,"column":0},"end":{"line":16,"column":48}},"14":{"start":{"line":17,"column":0},"end":{"line":17,"column":47}},"15":{"start":{"line":18,"column":0},"end":{"line":18,"column":68}},"16":{"start":{"line":19,"column":0},"end":{"line":19,"column":46}},"17":{"start":{"line":34,"column":57},"end":{"line":39,"column":2}},"18":{"start":{"line":45,"column":14},"end":{"line":56,"column":2}},"19":{"start":{"line":62,"column":2},"end":{"line":62,"column":null}},"20":{"start":{"line":63,"column":44},"end":{"line":67,"column":4}},"21":{"start":{"line":69,"column":51},"end":{"line":74,"column":4}},"22":{"start":{"line":75,"column":18},"end":{"line":75,"column":56}},"23":{"start":{"line":77,"column":49},"end":{"line":82,"column":4}},"24":{"start":{"line":83,"column":15},"end":{"line":83,"column":51}},"25":{"start":{"line":85,"column":48},"end":{"line":85,"column":63}},"26":{"start":{"line":86,"column":32},"end":{"line":86,"column":55}},"27":{"start":{"line":87,"column":2},"end":{"line":87,"column":null}},"28":{"start":{"line":88,"column":28},"end":{"line":88,"column":57}},"29":{"start":{"line":89,"column":38},"end":{"line":89,"column":53}},"30":{"start":{"line":90,"column":40},"end":{"line":90,"column":51}},"31":{"start":{"line":91,"column":26},"end":{"line":91,"column":47}},"32":{"start":{"line":92,"column":51},"end":{"line":92,"column":65}},"33":{"start":{"line":93,"column":19},"end":{"line":93,"column":32}},"34":{"start":{"line":94,"column":58},"end":{"line":94,"column":87}},"35":{"start":{"line":95,"column":2},"end":{"line":95,"column":null}},"36":{"start":{"line":97,"column":1},"end":{"line":109,"column":21}},"37":{"start":{"line":98,"column":2},"end":{"line":108,"column":3}},"38":{"start":{"line":99,"column":4},"end":{"line":99,"column":29}},"39":{"start":{"line":102,"column":5},"end":{"line":102,"column":53}},"40":{"start":{"line":104,"column":5},"end":{"line":107,"column":13}},"41":{"start":{"line":105,"column":6},"end":{"line":105,"column":32}},"42":{"start":{"line":106,"column":6},"end":{"line":106,"column":58}},"43":{"start":{"line":111,"column":21},"end":{"line":127,"column":3}},"44":{"start":{"line":112,"column":4},"end":{"line":126,"column":5}},"45":{"start":{"line":113,"column":6},"end":{"line":113,"column":20}},"46":{"start":{"line":114,"column":11},"end":{"line":126,"column":5}},"47":{"start":{"line":115,"column":6},"end":{"line":117,"column":9}},"48":{"start":{"line":118,"column":11},"end":{"line":126,"column":5}},"49":{"start":{"line":119,"column":6},"end":{"line":121,"column":9}},"50":{"start":{"line":122,"column":11},"end":{"line":126,"column":5}},"51":{"start":{"line":123,"column":6},"end":{"line":125,"column":9}},"52":{"start":{"line":128,"column":22},"end":{"line":128,"column":42}},"53":{"start":{"line":128,"column":28},"end":{"line":128,"column":42}},"54":{"start":{"line":129,"column":19},"end":{"line":129,"column":32}},"55":{"start":{"line":130,"column":28},"end":{"line":142,"column":3}},"56":{"start":{"line":132,"column":27},"end":{"line":132,"column":36}},"57":{"start":{"line":135,"column":4},"end":{"line":139,"column":5}},"58":{"start":{"line":136,"column":6},"end":{"line":136,"column":27}},"59":{"start":{"line":138,"column":6},"end":{"line":138,"column":26}},"60":{"start":{"line":141,"column":4},"end":{"line":141,"column":35}},"61":{"start":{"line":146,"column":23},"end":{"line":146,"column":43}},"62":{"start":{"line":147,"column":2},"end":{"line":147,"column":44}},"63":{"start":{"line":151,"column":2},"end":{"line":192,"column":19}},"64":{"start":{"line":152,"column":25},"end":{"line":184,"column":5}},"65":{"start":{"line":153,"column":6},"end":{"line":153,"column":23}},"66":{"start":{"line":154,"column":6},"end":{"line":154,"column":21}},"67":{"start":{"line":156,"column":6},"end":{"line":182,"column":7}},"68":{"start":{"line":157,"column":25},"end":{"line":158,"column":null}},"69":{"start":{"line":161,"column":8},"end":{"line":172,"column":9}},"70":{"start":{"line":162,"column":10},"end":{"line":166,"column":13}},"71":{"start":{"line":168,"column":10},"end":{"line":171,"column":14}},"72":{"start":{"line":168,"column":38},"end":{"line":171,"column":12}},"73":{"start":{"line":173,"column":8},"end":{"line":173,"column":64}},"74":{"start":{"line":174,"column":8},"end":{"line":174,"column":26}},"75":{"start":{"line":176,"column":8},"end":{"line":180,"column":9}},"76":{"start":{"line":177,"column":10},"end":{"line":177,"column":32}},"77":{"start":{"line":179,"column":10},"end":{"line":179,"column":51}},"78":{"start":{"line":181,"column":8},"end":{"line":181,"column":26}},"79":{"start":{"line":186,"column":4},"end":{"line":186,"column":19}},"80":{"start":{"line":188,"column":26},"end":{"line":188,"column":46}},"81":{"start":{"line":188,"column":32},"end":{"line":188,"column":46}},"82":{"start":{"line":190,"column":4},"end":{"line":190,"column":63}},"83":{"start":{"line":191,"column":4},"end":{"line":191,"column":79}},"84":{"start":{"line":191,"column":17},"end":{"line":191,"column":78}},"85":{"start":{"line":194,"column":4},"end":{"line":202,"column":9}},"86":{"start":{"line":196,"column":20},"end":{"line":199,"column":12}},"87":{"start":{"line":198,"column":6},"end":{"line":198,"column":34}},"88":{"start":{"line":201,"column":4},"end":{"line":201,"column":39}},"89":{"start":{"line":201,"column":17},"end":{"line":201,"column":38}},"90":{"start":{"line":204,"column":2},"end":{"line":213,"column":3}},"91":{"start":{"line":205,"column":4},"end":{"line":212,"column":6}},"92":{"start":{"line":215,"column":2},"end":{"line":223,"column":3}},"93":{"start":{"line":216,"column":4},"end":{"line":222,"column":6}},"94":{"start":{"line":225,"column":4},"end":{"line":227,"column":33}},"95":{"start":{"line":229,"column":2},"end":{"line":231,"column":3}},"96":{"start":{"line":230,"column":4},"end":{"line":230,"column":49}},"97":{"start":{"line":233,"column":2},"end":{"line":363,"column":4}},"98":{"start":{"line":252,"column":12},"end":{"line":252,"column":25}},"99":{"start":{"line":277,"column":22},"end":{"line":277,"column":35}},"100":{"start":{"line":300,"column":30},"end":{"line":300,"column":69}},"101":{"start":{"line":327,"column":26},"end":{"line":341,"column":27}},"102":{"start":{"line":328,"column":28},"end":{"line":330,"column":31}},"103":{"start":{"line":331,"column":33},"end":{"line":341,"column":27}},"104":{"start":{"line":332,"column":28},"end":{"line":334,"column":31}},"105":{"start":{"line":335,"column":33},"end":{"line":341,"column":27}},"106":{"start":{"line":336,"column":28},"end":{"line":338,"column":31}},"107":{"start":{"line":340,"column":28},"end":{"line":340,"column":68}},"108":{"start":{"line":366,"column":0},"end":{"line":366,"column":20}}},"fnMap":{"0":{"name":"Home","decl":{"start":{"line":61,"column":9},"end":{"line":61,"column":13}},"loc":{"start":{"line":61,"column":45},"end":{"line":364,"column":1}}},"1":{"name":"(anonymous_11)","decl":{"start":{"line":97,"column":11},"end":{"line":97,"column":14}},"loc":{"start":{"line":97,"column":16},"end":{"line":109,"column":1}}},"2":{"name":"(anonymous_12)","decl":{"start":{"line":104,"column":16},"end":{"line":104,"column":19}},"loc":{"start":{"line":104,"column":21},"end":{"line":107,"column":5}}},"3":{"name":"(anonymous_13)","decl":{"start":{"line":111,"column":21},"end":{"line":111,"column":24}},"loc":{"start":{"line":111,"column":26},"end":{"line":127,"column":3}}},"4":{"name":"(anonymous_14)","decl":{"start":{"line":128,"column":22},"end":{"line":128,"column":25}},"loc":{"start":{"line":128,"column":28},"end":{"line":128,"column":42}}},"5":{"name":"(anonymous_15)","decl":{"start":{"line":130,"column":28},"end":{"line":130,"column":29}},"loc":{"start":{"line":130,"column":50},"end":{"line":142,"column":3}}},"6":{"name":"(anonymous_16)","decl":{"start":{"line":151,"column":12},"end":{"line":151,"column":15}},"loc":{"start":{"line":151,"column":17},"end":{"line":192,"column":3}}},"7":{"name":"(anonymous_17)","decl":{"start":{"line":152,"column":25},"end":{"line":152,"column":30}},"loc":{"start":{"line":152,"column":36},"end":{"line":184,"column":5}}},"8":{"name":"(anonymous_18)","decl":{"start":{"line":168,"column":27},"end":{"line":168,"column":28}},"loc":{"start":{"line":168,"column":38},"end":{"line":171,"column":12}}},"9":{"name":"(anonymous_19)","decl":{"start":{"line":188,"column":26},"end":{"line":188,"column":29}},"loc":{"start":{"line":188,"column":32},"end":{"line":188,"column":46}}},"10":{"name":"(anonymous_20)","decl":{"start":{"line":191,"column":11},"end":{"line":191,"column":14}},"loc":{"start":{"line":191,"column":17},"end":{"line":191,"column":78}}},"11":{"name":"(anonymous_21)","decl":{"start":{"line":194,"column":14},"end":{"line":194,"column":17}},"loc":{"start":{"line":194,"column":19},"end":{"line":202,"column":3}}},"12":{"name":"(anonymous_22)","decl":{"start":{"line":196,"column":31},"end":{"line":196,"column":34}},"loc":{"start":{"line":196,"column":36},"end":{"line":199,"column":5}}},"13":{"name":"(anonymous_23)","decl":{"start":{"line":201,"column":11},"end":{"line":201,"column":14}},"loc":{"start":{"line":201,"column":17},"end":{"line":201,"column":38}}},"14":{"name":"(anonymous_24)","decl":{"start":{"line":251,"column":29},"end":{"line":251,"column":30}},"loc":{"start":{"line":252,"column":12},"end":{"line":252,"column":25}}},"15":{"name":"(anonymous_25)","decl":{"start":{"line":275,"column":29},"end":{"line":275,"column":32}},"loc":{"start":{"line":275,"column":34},"end":{"line":280,"column":21}}},"16":{"name":"(anonymous_26)","decl":{"start":{"line":299,"column":38},"end":{"line":299,"column":39}},"loc":{"start":{"line":300,"column":30},"end":{"line":300,"column":69}}},"17":{"name":"(anonymous_27)","decl":{"start":{"line":326,"column":33},"end":{"line":326,"column":36}},"loc":{"start":{"line":326,"column":38},"end":{"line":342,"column":25}}}},"branchMap":{"0":{"loc":{"start":{"line":61,"column":16},"end":{"line":61,"column":32}},"type":"default-arg","locations":[{"start":{"line":61,"column":27},"end":{"line":61,"column":32}}]},"1":{"loc":{"start":{"line":75,"column":18},"end":{"line":75,"column":56}},"type":"binary-expr","locations":[{"start":{"line":75,"column":18},"end":{"line":75,"column":40}},{"start":{"line":75,"column":44},"end":{"line":75,"column":56}}]},"2":{"loc":{"start":{"line":83,"column":15},"end":{"line":83,"column":51}},"type":"binary-expr","locations":[{"start":{"line":83,"column":15},"end":{"line":83,"column":35}},{"start":{"line":83,"column":39},"end":{"line":83,"column":51}}]},"3":{"loc":{"start":{"line":98,"column":2},"end":{"line":108,"column":3}},"type":"if","locations":[{"start":{"line":98,"column":2},"end":{"line":108,"column":3}},{"start":{},"end":{}}]},"4":{"loc":{"start":{"line":112,"column":4},"end":{"line":126,"column":5}},"type":"if","locations":[{"start":{"line":112,"column":4},"end":{"line":126,"column":5}},{"start":{"line":114,"column":11},"end":{"line":126,"column":5}}]},"5":{"loc":{"start":{"line":114,"column":11},"end":{"line":126,"column":5}},"type":"if","locations":[{"start":{"line":114,"column":11},"end":{"line":126,"column":5}},{"start":{"line":118,"column":11},"end":{"line":126,"column":5}}]},"6":{"loc":{"start":{"line":118,"column":11},"end":{"line":126,"column":5}},"type":"if","locations":[{"start":{"line":118,"column":11},"end":{"line":126,"column":5}},{"start":{"line":122,"column":11},"end":{"line":126,"column":5}}]},"7":{"loc":{"start":{"line":122,"column":11},"end":{"line":126,"column":5}},"type":"if","locations":[{"start":{"line":122,"column":11},"end":{"line":126,"column":5}},{"start":{},"end":{}}]},"8":{"loc":{"start":{"line":135,"column":4},"end":{"line":139,"column":5}},"type":"if","locations":[{"start":{"line":135,"column":4},"end":{"line":139,"column":5}},{"start":{"line":137,"column":11},"end":{"line":139,"column":5}}]},"9":{"loc":{"start":{"line":135,"column":8},"end":{"line":135,"column":59}},"type":"binary-expr","locations":[{"start":{"line":135,"column":8},"end":{"line":135,"column":36}},{"start":{"line":135,"column":40},"end":{"line":135,"column":59}}]},"10":{"loc":{"start":{"line":161,"column":8},"end":{"line":172,"column":9}},"type":"if","locations":[{"start":{"line":161,"column":8},"end":{"line":172,"column":9}},{"start":{"line":167,"column":15},"end":{"line":172,"column":9}}]},"11":{"loc":{"start":{"line":163,"column":25},"end":{"line":163,"column":61}},"type":"binary-expr","locations":[{"start":{"line":163,"column":25},"end":{"line":163,"column":55}},{"start":{"line":163,"column":59},"end":{"line":163,"column":61}}]},"12":{"loc":{"start":{"line":164,"column":24},"end":{"line":164,"column":59}},"type":"binary-expr","locations":[{"start":{"line":164,"column":24},"end":{"line":164,"column":53}},{"start":{"line":164,"column":57},"end":{"line":164,"column":59}}]},"13":{"loc":{"start":{"line":165,"column":18},"end":{"line":165,"column":48}},"type":"binary-expr","locations":[{"start":{"line":165,"column":18},"end":{"line":165,"column":42}},{"start":{"line":165,"column":46},"end":{"line":165,"column":48}}]},"14":{"loc":{"start":{"line":170,"column":34},"end":{"line":170,"column":58}},"type":"binary-expr","locations":[{"start":{"line":170,"column":34},"end":{"line":170,"column":52}},{"start":{"line":170,"column":56},"end":{"line":170,"column":58}}]},"15":{"loc":{"start":{"line":176,"column":8},"end":{"line":180,"column":9}},"type":"if","locations":[{"start":{"line":176,"column":8},"end":{"line":180,"column":9}},{"start":{"line":178,"column":15},"end":{"line":180,"column":9}}]},"16":{"loc":{"start":{"line":176,"column":12},"end":{"line":176,"column":50}},"type":"binary-expr","locations":[{"start":{"line":176,"column":12},"end":{"line":176,"column":35}},{"start":{"line":176,"column":39},"end":{"line":176,"column":50}}]},"17":{"loc":{"start":{"line":204,"column":2},"end":{"line":213,"column":3}},"type":"if","locations":[{"start":{"line":204,"column":2},"end":{"line":213,"column":3}},{"start":{},"end":{}}]},"18":{"loc":{"start":{"line":215,"column":2},"end":{"line":223,"column":3}},"type":"if","locations":[{"start":{"line":215,"column":2},"end":{"line":223,"column":3}},{"start":{},"end":{}}]},"19":{"loc":{"start":{"line":225,"column":4},"end":{"line":227,"column":33}},"type":"binary-expr","locations":[{"start":{"line":225,"column":4},"end":{"line":225,"column":40}},{"start":{"line":226,"column":4},"end":{"line":226,"column":39}},{"start":{"line":227,"column":4},"end":{"line":227,"column":33}}]},"20":{"loc":{"start":{"line":229,"column":2},"end":{"line":231,"column":3}},"type":"if","locations":[{"start":{"line":229,"column":2},"end":{"line":231,"column":3}},{"start":{},"end":{}}]},"21":{"loc":{"start":{"line":235,"column":7},"end":{"line":360,"column":null}},"type":"cond-expr","locations":[{"start":{"line":237,"column":8},"end":{"line":257,"column":null}},{"start":{"line":260,"column":8},"end":{"line":359,"column":null}}]},"22":{"loc":{"start":{"line":261,"column":43},"end":{"line":261,"column":67}},"type":"cond-expr","locations":[{"start":{"line":261,"column":56},"end":{"line":261,"column":62}},{"start":{"line":261,"column":65},"end":{"line":261,"column":67}}]},"23":{"loc":{"start":{"line":327,"column":26},"end":{"line":341,"column":27}},"type":"if","locations":[{"start":{"line":327,"column":26},"end":{"line":341,"column":27}},{"start":{"line":331,"column":33},"end":{"line":341,"column":27}}]},"24":{"loc":{"start":{"line":331,"column":33},"end":{"line":341,"column":27}},"type":"if","locations":[{"start":{"line":331,"column":33},"end":{"line":341,"column":27}},{"start":{"line":335,"column":33},"end":{"line":341,"column":27}}]},"25":{"loc":{"start":{"line":335,"column":33},"end":{"line":341,"column":27}},"type":"if","locations":[{"start":{"line":335,"column":33},"end":{"line":341,"column":27}},{"start":{"line":339,"column":33},"end":{"line":341,"column":27}}]}},"s":{"0":1,"1":1,"2":1,"3":1,"4":1,"5":1,"6":1,"7":1,"8":1,"9":1,"10":1,"11":1,"12":1,"13":1,"14":1,"15":1,"16":1,"17":1,"18":1,"19":2,"20":2,"21":2,"22":2,"23":2,"24":2,"25":2,"26":2,"27":2,"28":2,"29":2,"30":2,"31":2,"32":2,"33":2,"34":2,"35":2,"36":2,"37":1,"38":0,"39":0,"40":0,"41":0,"42":0,"43":2,"44":1,"45":0,"46":1,"47":0,"48":1,"49":0,"50":1,"51":0,"52":2,"53":0,"54":2,"55":2,"56":0,"57":0,"58":0,"59":0,"60":0,"61":2,"62":2,"63":2,"64":1,"65":1,"66":1,"67":1,"68":1,"69":1,"70":1,"71":0,"72":0,"73":1,"74":1,"75":0,"76":0,"77":0,"78":0,"79":1,"80":1,"81":0,"82":1,"83":1,"84":1,"85":2,"86":1,"87":1,"88":1,"89":1,"90":2,"91":1,"92":1,"93":0,"94":1,"95":1,"96":0,"97":1,"98":0,"99":1,"100":0,"101":0,"102":0,"103":0,"104":0,"105":0,"106":0,"107":0,"108":1},"f":{"0":2,"1":1,"2":0,"3":1,"4":0,"5":0,"6":1,"7":1,"8":0,"9":0,"10":1,"11":1,"12":1,"13":1,"14":0,"15":1,"16":0,"17":0},"b":{"0":[0],"1":[2,0],"2":[2,0],"3":[0,1],"4":[0,1],"5":[0,1],"6":[0,1],"7":[0,1],"8":[0,0],"9":[0,0],"10":[1,0],"11":[1,0],"12":[1,0],"13":[1,0],"14":[0,0],"15":[0,0],"16":[0,0],"17":[1,1],"18":[0,1],"19":[1,0,0],"20":[0,1],"21":[0,1],"22":[0,1],"23":[0,0],"24":[0,0],"25":[0,0]}}
,"C:\\Users\\DS\\PRH-Client-Web\\src\\components\\Login\\Login.tsx": {"path":"C:\\Users\\DS\\PRH-Client-Web\\src\\components\\Login\\Login.tsx","statementMap":{"0":{"start":{"line":1,"column":0},"end":{"line":1,"column":33}},"1":{"start":{"line":2,"column":0},"end":{"line":2,"column":47}},"2":{"start":{"line":3,"column":0},"end":{"line":3,"column":26}},"3":{"start":{"line":4,"column":0},"end":{"line":4,"column":20}},"4":{"start":{"line":6,"column":14},"end":{"line":79,"column":1}},"5":{"start":{"line":7,"column":24},"end":{"line":7,"column":36}},"6":{"start":{"line":8,"column":28},"end":{"line":8,"column":40}},"7":{"start":{"line":9,"column":19},"end":{"line":9,"column":32}},"8":{"start":{"line":11,"column":22},"end":{"line":35,"column":3}},"9":{"start":{"line":12,"column":4},"end":{"line":12,"column":23}},"10":{"start":{"line":14,"column":4},"end":{"line":34,"column":5}},"11":{"start":{"line":15,"column":23},"end":{"line":18,"column":8}},"12":{"start":{"line":20,"column":6},"end":{"line":20,"column":59}},"13":{"start":{"line":21,"column":6},"end":{"line":21,"column":64}},"14":{"start":{"line":23,"column":6},"end":{"line":31,"column":7}},"15":{"start":{"line":25,"column":8},"end":{"line":25,"column":59}},"16":{"start":{"line":26,"column":8},"end":{"line":26,"column":76}},"17":{"start":{"line":28,"column":8},"end":{"line":28,"column":31}},"18":{"start":{"line":30,"column":8},"end":{"line":30,"column":37}},"19":{"start":{"line":33,"column":6},"end":{"line":33,"column":61}},"20":{"start":{"line":37,"column":2},"end":{"line":78,"column":4}},"21":{"start":{"line":55,"column":35},"end":{"line":55,"column":59}},"22":{"start":{"line":66,"column":35},"end":{"line":66,"column":57}},"23":{"start":{"line":81,"column":0},"end":{"line":81,"column":21}}},"fnMap":{"0":{"name":"(anonymous_1)","decl":{"start":{"line":6,"column":14},"end":{"line":6,"column":17}},"loc":{"start":{"line":6,"column":19},"end":{"line":79,"column":1}}},"1":{"name":"(anonymous_2)","decl":{"start":{"line":11,"column":22},"end":{"line":11,"column":27}},"loc":{"start":{"line":11,"column":51},"end":{"line":35,"column":3}}},"2":{"name":"(anonymous_3)","decl":{"start":{"line":55,"column":28},"end":{"line":55,"column":29}},"loc":{"start":{"line":55,"column":35},"end":{"line":55,"column":59}}},"3":{"name":"(anonymous_4)","decl":{"start":{"line":66,"column":28},"end":{"line":66,"column":29}},"loc":{"start":{"line":66,"column":35},"end":{"line":66,"column":57}}}},"branchMap":{"0":{"loc":{"start":{"line":23,"column":6},"end":{"line":31,"column":7}},"type":"if","locations":[{"start":{"line":23,"column":6},"end":{"line":31,"column":7}},{"start":{"line":29,"column":13},"end":{"line":31,"column":7}}]},"1":{"loc":{"start":{"line":23,"column":10},"end":{"line":23,"column":54}},"type":"binary-expr","locations":[{"start":{"line":23,"column":10},"end":{"line":23,"column":29}},{"start":{"line":23,"column":33},"end":{"line":23,"column":54}}]},"2":{"loc":{"start":{"line":33,"column":12},"end":{"line":33,"column":59}},"type":"binary-expr","locations":[{"start":{"line":33,"column":12},"end":{"line":33,"column":41}},{"start":{"line":33,"column":45},"end":{"line":33,"column":59}}]}},"s":{"0":1,"1":1,"2":1,"3":1,"4":1,"5":2,"6":2,"7":2,"8":2,"9":0,"10":0,"11":0,"12":0,"13":0,"14":0,"15":0,"16":0,"17":0,"18":0,"19":0,"20":2,"21":0,"22":0,"23":1},"f":{"0":2,"1":0,"2":0,"3":0},"b":{"0":[0,0],"1":[0,0],"2":[0,0]}}
}
