TN:
SF:fileMock.js
FNF:0
FNH:0
DA:1,1
LF:1
LH:1
BRF:0
BRH:0
end_of_record
TN:
SF:styleMock.js
FNF:0
FNH:0
DA:2,2
LF:1
LH:1
BRF:0
BRH:0
end_of_record
TN:
SF:src\components\Dashboard\Dashboard.tsx
FN:61,Home
FN:97,(anonymous_11)
FN:104,(anonymous_12)
FN:111,(anonymous_13)
FN:128,(anonymous_14)
FN:130,(anonymous_15)
FN:151,(anonymous_16)
FN:152,(anonymous_17)
FN:168,(anonymous_18)
FN:188,(anonymous_19)
FN:191,(anonymous_20)
FN:194,(anonymous_21)
FN:196,(anonymous_22)
FN:201,(anonymous_23)
FN:251,(anonymous_24)
FN:275,(anonymous_25)
FN:299,(anonymous_26)
FN:326,(anonymous_27)
FNF:18
FNH:10
FNDA:2,Home
FNDA:1,(anonymous_11)
FNDA:0,(anonymous_12)
FNDA:1,(anonymous_13)
FNDA:0,(anonymous_14)
FNDA:0,(anonymous_15)
FNDA:1,(anonymous_16)
FNDA:1,(anonymous_17)
FNDA:0,(anonymous_18)
FNDA:0,(anonymous_19)
FNDA:1,(anonymous_20)
FNDA:1,(anonymous_21)
FNDA:1,(anonymous_22)
FNDA:1,(anonymous_23)
FNDA:0,(anonymous_24)
FNDA:1,(anonymous_25)
FNDA:0,(anonymous_26)
FNDA:0,(anonymous_27)
DA:1,1
DA:2,1
DA:4,1
DA:5,1
DA:6,1
DA:7,1
DA:8,1
DA:10,1
DA:11,1
DA:12,1
DA:13,1
DA:14,1
DA:15,1
DA:16,1
DA:17,1
DA:18,1
DA:19,1
DA:34,1
DA:45,1
DA:62,2
DA:63,2
DA:69,2
DA:75,2
DA:77,2
DA:83,2
DA:85,2
DA:86,2
DA:87,2
DA:88,2
DA:89,2
DA:90,2
DA:91,2
DA:92,2
DA:93,2
DA:94,2
DA:95,2
DA:97,2
DA:98,1
DA:99,0
DA:102,0
DA:104,0
DA:105,0
DA:106,0
DA:111,2
DA:112,1
DA:113,0
DA:114,1
DA:115,0
DA:118,1
DA:119,0
DA:122,1
DA:123,0
DA:128,2
DA:129,2
DA:130,2
DA:132,0
DA:135,0
DA:136,0
DA:138,0
DA:141,0
DA:146,2
DA:147,2
DA:151,2
DA:152,1
DA:153,1
DA:154,1
DA:156,1
DA:157,1
DA:161,1
DA:162,1
DA:168,0
DA:173,1
DA:174,1
DA:176,0
DA:177,0
DA:179,0
DA:181,0
DA:186,1
DA:188,1
DA:190,1
DA:191,1
DA:194,2
DA:196,1
DA:198,1
DA:201,1
DA:204,2
DA:205,1
DA:215,1
DA:216,0
DA:225,1
DA:229,1
DA:230,0
DA:233,1
DA:252,0
DA:277,1
DA:300,0
DA:327,0
DA:328,0
DA:331,0
DA:332,0
DA:335,0
DA:336,0
DA:340,0
DA:366,1
LF:104
LH:74
BRDA:61,0,0,0
BRDA:75,1,0,2
BRDA:75,1,1,0
BRDA:83,2,0,2
BRDA:83,2,1,0
BRDA:98,3,0,0
BRDA:98,3,1,1
BRDA:112,4,0,0
BRDA:112,4,1,1
BRDA:114,5,0,0
BRDA:114,5,1,1
BRDA:118,6,0,0
BRDA:118,6,1,1
BRDA:122,7,0,0
BRDA:122,7,1,1
BRDA:135,8,0,0
BRDA:135,8,1,0
BRDA:135,9,0,0
BRDA:135,9,1,0
BRDA:161,10,0,1
BRDA:161,10,1,0
BRDA:163,11,0,1
BRDA:163,11,1,0
BRDA:164,12,0,1
BRDA:164,12,1,0
BRDA:165,13,0,1
BRDA:165,13,1,0
BRDA:170,14,0,0
BRDA:170,14,1,0
BRDA:176,15,0,0
BRDA:176,15,1,0
BRDA:176,16,0,0
BRDA:176,16,1,0
BRDA:204,17,0,1
BRDA:204,17,1,1
BRDA:215,18,0,0
BRDA:215,18,1,1
BRDA:225,19,0,1
BRDA:225,19,1,0
BRDA:225,19,2,0
BRDA:229,20,0,0
BRDA:229,20,1,1
BRDA:235,21,0,0
BRDA:235,21,1,1
BRDA:261,22,0,0
BRDA:261,22,1,1
BRDA:327,23,0,0
BRDA:327,23,1,0
BRDA:331,24,0,0
BRDA:331,24,1,0
BRDA:335,25,0,0
BRDA:335,25,1,0
BRF:52
BRH:18
end_of_record
TN:
SF:src\components\Login\Login.tsx
FN:6,(anonymous_1)
FN:11,(anonymous_2)
FN:55,(anonymous_3)
FN:66,(anonymous_4)
FNF:4
FNH:4
FNDA:8,(anonymous_1)
FNDA:2,(anonymous_2)
FNDA:2,(anonymous_3)
FNDA:2,(anonymous_4)
DA:1,1
DA:2,1
DA:3,1
DA:4,1
DA:6,1
DA:7,8
DA:8,8
DA:9,8
DA:11,8
DA:12,2
DA:14,2
DA:15,2
DA:20,1
DA:21,1
DA:23,1
DA:25,1
DA:26,1
DA:28,1
DA:30,0
DA:33,1
DA:37,8
DA:55,2
DA:66,2
DA:81,1
LF:24
LH:23
BRDA:23,0,0,1
BRDA:23,0,1,0
BRDA:23,1,0,1
BRDA:23,1,1,1
BRDA:33,2,0,1
BRDA:33,2,1,0
BRF:6
BRH:4
end_of_record
