TN:
SF:src\App.tsx
FN:32,AppRoutes
FN:41,(anonymous_1)
FN:64,(anonymous_2)
FN:76,(anonymous_3)
FN:80,(anonymous_4)
FN:85,(anonymous_5)
FN:95,(anonymous_6)
FN:108,(anonymous_7)
FN:109,(anonymous_8)
FN:116,(anonymous_9)
FN:123,(anonymous_10)
FN:210,App
FN:219,LayoutWrapper
FNF:13
FNH:0
FNDA:0,AppRoutes
FNDA:0,(anonymous_1)
FNDA:0,(anonymous_2)
FNDA:0,(anonymous_3)
FNDA:0,(anonymous_4)
FNDA:0,(anonymous_5)
FNDA:0,(anonymous_6)
FNDA:0,(anonymous_7)
FNDA:0,(anonymous_8)
FNDA:0,(anonymous_9)
FNDA:0,(anonymous_10)
FNDA:0,App
FNDA:0,LayoutWrapper
DA:33,0
DA:34,0
DA:35,0
DA:36,0
DA:37,0
DA:38,0
DA:39,0
DA:41,0
DA:55,0
DA:64,0
DA:65,0
DA:69,0
DA:70,0
DA:73,0
DA:74,0
DA:76,0
DA:77,0
DA:80,0
DA:81,0
DA:83,0
DA:85,0
DA:95,0
DA:108,0
DA:109,0
DA:116,0
DA:123,0
DA:134,0
DA:211,0
DA:220,0
DA:221,0
DA:223,0
DA:224,0
DA:226,0
LF:33
LH:0
BRDA:70,0,0,0
BRDA:70,0,1,0
BRDA:138,1,0,0
BRDA:138,1,1,0
BRDA:138,1,2,0
BRDA:138,1,3,0
BRDA:138,1,4,0
BRDA:138,1,5,0
BRDA:138,1,6,0
BRDA:138,1,7,0
BRDA:157,2,0,0
BRDA:157,2,1,0
BRDA:162,3,0,0
BRDA:162,3,1,0
BRDA:167,4,0,0
BRDA:167,4,1,0
BRDA:169,5,0,0
BRDA:169,5,1,0
BRDA:228,6,0,0
BRDA:228,6,1,0
BRDA:231,7,0,0
BRDA:231,7,1,0
BRF:22
BRH:0
end_of_record
TN:
SF:src\hook.ts
FN:5,(anonymous_0)
FNF:1
FNH:0
FNDA:0,(anonymous_0)
DA:5,0
DA:6,0
LF:2
LH:0
BRF:0
BRH:0
end_of_record
TN:
SF:src\main.tsx
FNF:0
FNH:0
DA:9,0
LF:1
LH:0
BRF:0
BRH:0
end_of_record
TN:
SF:src\store.ts
FNF:0
FNH:0
DA:6,0
LF:1
LH:0
BRF:0
BRH:0
end_of_record
TN:
SF:src\components\Common\input.tsx
FN:96,(anonymous_0)
FN:121,(anonymous_1)
FN:122,(anonymous_2)
FN:154,(anonymous_3)
FN:183,(anonymous_4)
FN:211,(anonymous_5)
FN:217,(anonymous_6)
FN:223,(anonymous_7)
FN:306,(anonymous_8)
FN:346,(anonymous_9)
FN:371,(anonymous_10)
FN:390,(anonymous_11)
FN:412,(anonymous_12)
FN:437,(anonymous_13)
FN:439,(anonymous_14)
FN:463,BasicModal
FN:465,(anonymous_16)
FN:466,(anonymous_17)
FNF:18
FNH:0
FNDA:0,(anonymous_0)
FNDA:0,(anonymous_1)
FNDA:0,(anonymous_2)
FNDA:0,(anonymous_3)
FNDA:0,(anonymous_4)
FNDA:0,(anonymous_5)
FNDA:0,(anonymous_6)
FNDA:0,(anonymous_7)
FNDA:0,(anonymous_8)
FNDA:0,(anonymous_9)
FNDA:0,(anonymous_10)
FNDA:0,(anonymous_11)
FNDA:0,(anonymous_12)
FNDA:0,(anonymous_13)
FNDA:0,(anonymous_14)
FNDA:0,BasicModal
FNDA:0,(anonymous_16)
FNDA:0,(anonymous_17)
DA:84,0
DA:89,0
DA:95,0
DA:96,0
DA:121,0
DA:122,0
DA:123,0
DA:155,0
DA:156,0
DA:158,0
DA:160,0
DA:183,0
DA:210,0
DA:211,0
DA:212,0
DA:213,0
DA:217,0
DA:220,0
DA:223,0
DA:224,0
DA:225,0
DA:229,0
DA:307,0
DA:308,0
DA:309,0
DA:310,0
DA:347,0
DA:372,0
DA:391,0
DA:392,0
DA:412,0
DA:437,0
DA:440,0
DA:441,0
DA:451,0
DA:464,0
DA:465,0
DA:466,0
DA:468,0
LF:39
LH:0
BRDA:102,0,0,0
BRDA:102,0,1,0
BRDA:103,1,0,0
BRDA:103,1,1,0
BRDA:104,2,0,0
BRDA:104,2,1,0
BRDA:111,3,0,0
BRDA:111,3,1,0
BRDA:160,4,0,0
BRDA:160,4,1,0
BRDA:196,5,0,0
BRDA:212,6,0,0
BRDA:212,6,1,0
BRDA:220,7,0,0
BRDA:220,7,1,0
BRDA:224,8,0,0
BRDA:224,8,1,0
BRDA:232,9,0,0
BRDA:232,9,1,0
BRDA:235,10,0,0
BRDA:235,10,1,0
BRDA:236,11,0,0
BRDA:236,11,1,0
BRDA:245,12,0,0
BRDA:245,12,1,0
BRDA:245,12,2,0
BRDA:247,13,0,0
BRDA:247,13,1,0
BRDA:247,13,2,0
BRDA:247,13,3,0
BRDA:253,14,0,0
BRDA:253,14,1,0
BRDA:271,15,0,0
BRDA:271,15,1,0
BRDA:289,16,0,0
BRDA:289,16,1,0
BRDA:301,17,0,0
BRDA:301,17,1,0
BRDA:305,18,0,0
BRDA:305,18,1,0
BRDA:309,19,0,0
BRDA:309,19,1,0
BRDA:309,20,0,0
BRDA:309,20,1,0
BRDA:313,21,0,0
BRDA:313,21,1,0
BRDA:314,22,0,0
BRDA:314,22,1,0
BRDA:319,23,0,0
BRDA:319,23,1,0
BRDA:322,24,0,0
BRDA:322,24,1,0
BRDA:322,24,2,0
BRDA:325,25,0,0
BRDA:325,25,1,0
BRDA:327,26,0,0
BRDA:327,26,1,0
BRDA:333,27,0,0
BRDA:333,27,1,0
BRDA:339,28,0,0
BRDA:339,28,1,0
BRDA:339,29,0,0
BRDA:339,29,1,0
BRDA:352,30,0,0
BRDA:352,30,1,0
BRDA:360,31,0,0
BRDA:360,31,1,0
BRDA:360,31,2,0
BRDA:380,32,0,0
BRDA:380,32,1,0
BRDA:388,33,0,0
BRDA:388,33,1,0
BRDA:388,33,2,0
BRDA:388,33,3,0
BRDA:391,34,0,0
BRDA:391,34,1,0
BRDA:410,35,0,0
BRDA:410,35,1,0
BRDA:411,36,0,0
BRDA:411,36,1,0
BRDA:412,37,0,0
BRDA:412,37,1,0
BRDA:412,37,2,0
BRDA:422,38,0,0
BRDA:422,38,1,0
BRDA:424,39,0,0
BRDA:424,39,1,0
BRDA:426,40,0,0
BRDA:426,40,1,0
BRDA:441,41,0,0
BRDA:441,41,1,0
BRF:91
BRH:0
end_of_record
TN:
SF:src\components\Common\Button\button.tsx
FN:9,(anonymous_0)
FNF:1
FNH:0
FNDA:0,(anonymous_0)
DA:9,0
DA:20,0
LF:2
LH:0
BRDA:12,0,0,0
BRDA:13,1,0,0
BRDA:14,2,0,0
BRDA:15,3,0,0
BRDA:16,4,0,0
BRDA:18,5,0,0
BRDA:29,6,0,0
BRDA:29,6,1,0
BRDA:34,7,0,0
BRDA:34,7,1,0
BRDA:34,7,2,0
BRDA:39,8,0,0
BRDA:39,8,1,0
BRDA:39,8,2,0
BRF:14
BRH:0
end_of_record
TN:
SF:src\components\Common\Button\uploadbtn.tsx
FN:5,(anonymous_0)
FN:16,(anonymous_1)
FN:30,(anonymous_2)
FN:47,(anonymous_3)
FN:53,(anonymous_4)
FNF:5
FNH:0
FNDA:0,(anonymous_0)
FNDA:0,(anonymous_1)
FNDA:0,(anonymous_2)
FNDA:0,(anonymous_3)
FNDA:0,(anonymous_4)
DA:3,0
DA:5,0
DA:6,0
DA:8,0
DA:9,0
DA:10,0
DA:11,0
DA:12,0
DA:16,0
DA:17,0
DA:18,0
DA:19,0
DA:22,0
DA:23,0
DA:24,0
DA:27,0
DA:30,0
DA:31,0
DA:32,0
DA:33,0
DA:34,0
DA:35,0
DA:36,0
DA:37,0
DA:38,0
DA:41,0
DA:42,0
DA:43,0
DA:47,0
DA:48,0
DA:49,0
DA:50,0
DA:53,0
DA:54,0
DA:55,0
DA:56,0
DA:57,0
DA:59,0
DA:62,0
LF:39
LH:0
BRDA:18,0,0,0
BRDA:18,0,1,0
BRDA:23,1,0,0
BRDA:23,1,1,0
BRDA:32,2,0,0
BRDA:32,2,1,0
BRDA:34,3,0,0
BRDA:34,3,1,0
BRDA:55,4,0,0
BRDA:55,4,1,0
BRDA:64,5,0,0
BRDA:64,5,1,0
BRDA:68,6,0,0
BRDA:68,6,1,0
BRDA:90,7,0,0
BRDA:90,7,1,0
BRF:16
BRH:0
end_of_record
TN:
SF:src\components\Common\Carousel\carousel.tsx
FN:23,(anonymous_0)
FN:44,(anonymous_1)
FN:50,(anonymous_2)
FN:52,(anonymous_3)
FN:55,(anonymous_4)
FN:57,(anonymous_5)
FN:75,(anonymous_6)
FN:96,(anonymous_7)
FN:148,(anonymous_8)
FN:166,(anonymous_9)
FN:199,(anonymous_10)
FNF:11
FNH:0
FNDA:0,(anonymous_0)
FNDA:0,(anonymous_1)
FNDA:0,(anonymous_2)
FNDA:0,(anonymous_3)
FNDA:0,(anonymous_4)
FNDA:0,(anonymous_5)
FNDA:0,(anonymous_6)
FNDA:0,(anonymous_7)
FNDA:0,(anonymous_8)
FNDA:0,(anonymous_9)
FNDA:0,(anonymous_10)
DA:23,0
DA:44,0
DA:45,0
DA:46,0
DA:47,0
DA:48,0
DA:50,0
DA:51,0
DA:52,0
DA:55,0
DA:56,0
DA:57,0
DA:64,0
DA:75,0
DA:97,0
DA:149,0
DA:150,0
DA:167,0
DA:168,0
DA:199,0
LF:20
LH:0
BRDA:52,0,0,0
BRDA:52,0,1,0
BRDA:57,1,0,0
BRDA:57,1,1,0
BRDA:96,2,0,0
BRDA:96,2,1,0
BRDA:118,3,0,0
BRDA:118,3,1,0
BRDA:145,4,0,0
BRDA:145,4,1,0
BRDA:145,4,2,0
BRF:11
BRH:0
end_of_record
TN:
SF:src\components\Common\Carousel\imagecarousel.tsx
FN:28,ImageCarouselModal
FN:43,(anonymous_1)
FN:45,(anonymous_2)
FN:48,(anonymous_3)
FN:50,(anonymous_4)
FN:54,(anonymous_5)
FN:61,(anonymous_6)
FN:68,(anonymous_7)
FN:81,(anonymous_8)
FN:102,(anonymous_9)
FN:137,(anonymous_10)
FN:137,(anonymous_11)
FN:160,(anonymous_12)
FN:163,(anonymous_13)
FN:186,(anonymous_14)
FN:188,(anonymous_15)
FN:190,(anonymous_16)
FN:191,(anonymous_17)
FN:318,(anonymous_18)
FNF:19
FNH:0
FNDA:0,ImageCarouselModal
FNDA:0,(anonymous_1)
FNDA:0,(anonymous_2)
FNDA:0,(anonymous_3)
FNDA:0,(anonymous_4)
FNDA:0,(anonymous_5)
FNDA:0,(anonymous_6)
FNDA:0,(anonymous_7)
FNDA:0,(anonymous_8)
FNDA:0,(anonymous_9)
FNDA:0,(anonymous_10)
FNDA:0,(anonymous_11)
FNDA:0,(anonymous_12)
FNDA:0,(anonymous_13)
FNDA:0,(anonymous_14)
FNDA:0,(anonymous_15)
FNDA:0,(anonymous_16)
FNDA:0,(anonymous_17)
FNDA:0,(anonymous_18)
DA:19,0
DA:35,0
DA:36,0
DA:37,0
DA:38,0
DA:41,0
DA:43,0
DA:45,0
DA:48,0
DA:50,0
DA:54,0
DA:55,0
DA:57,0
DA:61,0
DA:62,0
DA:65,0
DA:66,0
DA:68,0
DA:69,0
DA:71,0
DA:73,0
DA:75,0
DA:77,0
DA:81,0
DA:82,0
DA:83,0
DA:84,0
DA:95,0
DA:97,0
DA:102,0
DA:103,0
DA:109,0
DA:111,0
DA:112,0
DA:113,0
DA:116,0
DA:117,0
DA:118,0
DA:120,0
DA:124,0
DA:137,0
DA:161,0
DA:163,0
DA:187,0
DA:188,0
DA:190,0
DA:191,0
DA:318,0
LF:48
LH:0
BRDA:45,0,0,0
BRDA:45,0,1,0
BRDA:50,1,0,0
BRDA:50,1,1,0
BRDA:55,2,0,0
BRDA:55,2,1,0
BRDA:66,3,0,0
BRDA:66,3,1,0
BRDA:69,4,0,0
BRDA:69,4,1,0
BRDA:69,4,2,0
BRDA:69,4,3,0
BRDA:160,5,0,0
BRDA:160,5,1,0
BRDA:170,6,0,0
BRDA:170,6,1,0
BRDA:187,7,0,0
BRDA:187,7,1,0
BRDA:216,8,0,0
BRDA:216,8,1,0
BRDA:302,9,0,0
BRDA:302,9,1,0
BRF:22
BRH:0
end_of_record
TN:
SF:src\components\Common\DashboradTable\table.tsx
FN:68,Table
FN:82,(anonymous_1)
FN:85,(anonymous_2)
FN:101,(anonymous_3)
FN:104,(anonymous_4)
FN:110,(anonymous_5)
FN:122,(anonymous_6)
FN:158,(anonymous_7)
FN:170,(anonymous_8)
FN:174,(anonymous_9)
FN:178,(anonymous_10)
FN:182,(anonymous_11)
FN:186,(anonymous_12)
FN:190,(anonymous_13)
FN:208,(anonymous_14)
FN:222,(anonymous_15)
FN:223,(anonymous_16)
FN:247,(anonymous_17)
FN:254,(anonymous_18)
FN:260,(anonymous_19)
FN:272,(anonymous_20)
FN:299,(anonymous_21)
FN:306,(anonymous_22)
FN:314,(anonymous_23)
FN:325,(anonymous_24)
FN:326,(anonymous_25)
FN:364,(anonymous_26)
FN:373,(anonymous_27)
FN:380,(anonymous_28)
FN:390,(anonymous_29)
FN:397,(anonymous_30)
FN:417,(anonymous_31)
FN:436,(anonymous_32)
FN:438,(anonymous_33)
FN:577,(anonymous_34)
FN:585,(anonymous_35)
FN:586,(anonymous_36)
FN:589,(anonymous_37)
FN:653,(anonymous_38)
FN:659,(anonymous_39)
FN:665,(anonymous_40)
FN:671,(anonymous_41)
FN:677,(anonymous_42)
FN:704,(anonymous_43)
FN:712,(anonymous_44)
FN:719,(anonymous_45)
FN:729,(anonymous_46)
FN:762,(anonymous_47)
FN:793,(anonymous_48)
FNF:49
FNH:0
FNDA:0,Table
FNDA:0,(anonymous_1)
FNDA:0,(anonymous_2)
FNDA:0,(anonymous_3)
FNDA:0,(anonymous_4)
FNDA:0,(anonymous_5)
FNDA:0,(anonymous_6)
FNDA:0,(anonymous_7)
FNDA:0,(anonymous_8)
FNDA:0,(anonymous_9)
FNDA:0,(anonymous_10)
FNDA:0,(anonymous_11)
FNDA:0,(anonymous_12)
FNDA:0,(anonymous_13)
FNDA:0,(anonymous_14)
FNDA:0,(anonymous_15)
FNDA:0,(anonymous_16)
FNDA:0,(anonymous_17)
FNDA:0,(anonymous_18)
FNDA:0,(anonymous_19)
FNDA:0,(anonymous_20)
FNDA:0,(anonymous_21)
FNDA:0,(anonymous_22)
FNDA:0,(anonymous_23)
FNDA:0,(anonymous_24)
FNDA:0,(anonymous_25)
FNDA:0,(anonymous_26)
FNDA:0,(anonymous_27)
FNDA:0,(anonymous_28)
FNDA:0,(anonymous_29)
FNDA:0,(anonymous_30)
FNDA:0,(anonymous_31)
FNDA:0,(anonymous_32)
FNDA:0,(anonymous_33)
FNDA:0,(anonymous_34)
FNDA:0,(anonymous_35)
FNDA:0,(anonymous_36)
FNDA:0,(anonymous_37)
FNDA:0,(anonymous_38)
FNDA:0,(anonymous_39)
FNDA:0,(anonymous_40)
FNDA:0,(anonymous_41)
FNDA:0,(anonymous_42)
FNDA:0,(anonymous_43)
FNDA:0,(anonymous_44)
FNDA:0,(anonymous_45)
FNDA:0,(anonymous_46)
FNDA:0,(anonymous_47)
FNDA:0,(anonymous_48)
DA:56,0
DA:69,0
DA:70,0
DA:71,0
DA:74,0
DA:75,0
DA:76,0
DA:77,0
DA:79,0
DA:81,0
DA:82,0
DA:83,0
DA:85,0
DA:86,0
DA:87,0
DA:91,0
DA:92,0
DA:97,0
DA:100,0
DA:101,0
DA:104,0
DA:105,0
DA:106,0
DA:110,0
DA:111,0
DA:113,0
DA:115,0
DA:117,0
DA:119,0
DA:122,0
DA:124,0
DA:125,0
DA:126,0
DA:128,0
DA:149,0
DA:150,0
DA:152,0
DA:157,0
DA:158,0
DA:170,0
DA:174,0
DA:178,0
DA:182,0
DA:186,0
DA:190,0
DA:198,0
DA:199,0
DA:203,0
DA:208,0
DA:209,0
DA:213,0
DA:217,0
DA:222,0
DA:223,0
DA:225,0
DA:226,0
DA:227,0
DA:229,0
DA:230,0
DA:231,0
DA:234,0
DA:237,0
DA:238,0
DA:239,0
DA:240,0
DA:242,0
DA:247,0
DA:248,0
DA:249,0
DA:250,0
DA:251,0
DA:254,0
DA:255,0
DA:256,0
DA:257,0
DA:260,0
DA:261,0
DA:262,0
DA:263,0
DA:264,0
DA:265,0
DA:269,0
DA:272,0
DA:273,0
DA:277,0
DA:278,0
DA:281,0
DA:286,0
DA:288,0
DA:290,0
DA:291,0
DA:293,0
DA:294,0
DA:299,0
DA:300,0
DA:302,0
DA:306,0
DA:307,0
DA:310,0
DA:311,0
DA:314,0
DA:315,0
DA:322,0
DA:325,0
DA:326,0
DA:327,0
DA:333,0
DA:334,0
DA:335,0
DA:336,0
DA:350,0
DA:351,0
DA:352,0
DA:353,0
DA:355,0
DA:356,0
DA:359,0
DA:364,0
DA:365,0
DA:366,0
DA:369,0
DA:370,0
DA:371,0
DA:373,0
DA:374,0
DA:375,0
DA:376,0
DA:377,0
DA:380,0
DA:381,0
DA:382,0
DA:383,0
DA:384,0
DA:390,0
DA:391,0
DA:392,0
DA:393,0
DA:394,0
DA:395,0
DA:397,0
DA:398,0
DA:399,0
DA:403,0
DA:417,0
DA:437,0
DA:438,0
DA:439,0
DA:441,0
DA:578,0
DA:586,0
DA:587,0
DA:589,0
DA:653,0
DA:659,0
DA:665,0
DA:671,0
DA:677,0
DA:704,0
DA:712,0
DA:719,0
DA:729,0
DA:764,0
DA:766,0
DA:772,0
DA:775,0
DA:776,0
DA:780,0
DA:793,0
LF:168
LH:0
BRDA:86,0,0,0
BRDA:86,0,1,0
BRDA:91,1,0,0
BRDA:91,1,1,0
BRDA:92,2,0,0
BRDA:92,2,1,0
BRDA:92,3,0,0
BRDA:92,3,1,0
BRDA:105,4,0,0
BRDA:105,4,1,0
BRDA:111,5,0,0
BRDA:111,5,1,0
BRDA:111,5,2,0
BRDA:111,5,3,0
BRDA:157,6,0,0
BRDA:157,6,1,0
BRDA:161,7,0,0
BRDA:161,7,1,0
BRDA:163,8,0,0
BRDA:163,8,1,0
BRDA:165,9,0,0
BRDA:165,9,1,0
BRDA:170,10,0,0
BRDA:170,10,1,0
BRDA:174,11,0,0
BRDA:174,11,1,0
BRDA:178,12,0,0
BRDA:178,12,1,0
BRDA:182,13,0,0
BRDA:182,13,1,0
BRDA:186,14,0,0
BRDA:186,14,1,0
BRDA:190,15,0,0
BRDA:190,15,1,0
BRDA:213,16,0,0
BRDA:213,16,1,0
BRDA:215,17,0,0
BRDA:215,17,1,0
BRDA:225,18,0,0
BRDA:225,18,1,0
BRDA:229,19,0,0
BRDA:229,19,1,0
BRDA:237,20,0,0
BRDA:237,20,1,0
BRDA:269,21,0,0
BRDA:269,21,1,0
BRDA:269,22,0,0
BRDA:269,22,1,0
BRDA:286,23,0,0
BRDA:286,23,1,0
BRDA:288,24,0,0
BRDA:288,24,1,0
BRDA:288,24,2,0
BRDA:290,25,0,0
BRDA:290,25,1,0
BRDA:300,26,0,0
BRDA:300,26,1,0
BRDA:311,27,0,0
BRDA:311,27,1,0
BRDA:329,28,0,0
BRDA:329,28,1,0
BRDA:364,29,0,0
BRDA:366,30,0,0
BRDA:366,30,1,0
BRDA:375,31,0,0
BRDA:375,31,1,0
BRDA:382,32,0,0
BRDA:382,32,1,0
BRDA:385,33,0,0
BRDA:385,33,1,0
BRDA:393,34,0,0
BRDA:393,34,1,0
BRDA:416,35,0,0
BRDA:416,35,1,0
BRDA:432,36,0,0
BRDA:432,36,1,0
BRDA:437,37,0,0
BRDA:437,37,1,0
BRDA:464,38,0,0
BRDA:464,38,1,0
BRDA:472,39,0,0
BRDA:472,39,1,0
BRDA:480,40,0,0
BRDA:480,40,1,0
BRDA:488,41,0,0
BRDA:488,41,1,0
BRDA:496,42,0,0
BRDA:496,42,1,0
BRDA:504,43,0,0
BRDA:504,43,1,0
BRDA:513,44,0,0
BRDA:513,44,1,0
BRDA:521,45,0,0
BRDA:521,45,1,0
BRDA:529,46,0,0
BRDA:529,46,1,0
BRDA:537,47,0,0
BRDA:537,47,1,0
BRDA:545,48,0,0
BRDA:545,48,1,0
BRDA:553,49,0,0
BRDA:553,49,1,0
BRDA:574,50,0,0
BRDA:574,50,1,0
BRDA:577,51,0,0
BRDA:577,51,1,0
BRDA:587,52,0,0
BRDA:587,52,1,0
BRDA:617,53,0,0
BRDA:617,53,1,0
BRDA:617,53,2,0
BRDA:617,53,3,0
BRDA:626,54,0,0
BRDA:626,54,1,0
BRDA:626,54,2,0
BRDA:639,55,0,0
BRDA:639,55,1,0
BRDA:639,55,2,0
BRDA:642,56,0,0
BRDA:642,56,1,0
BRDA:642,56,2,0
BRDA:653,57,0,0
BRDA:653,57,1,0
BRDA:689,58,0,0
BRDA:689,58,1,0
BRDA:728,59,0,0
BRDA:728,59,1,0
BRDA:764,60,0,0
BRDA:764,60,1,0
BRDA:764,61,0,0
BRDA:764,61,1,0
BRDA:775,62,0,0
BRDA:775,62,1,0
BRF:133
BRH:0
end_of_record
TN:
SF:src\components\Common\HorizondalTab\Dashboardtab.model.ts
FNF:0
FNH:0
DA:1,0
LF:1
LH:0
BRF:0
BRH:0
end_of_record
TN:
SF:src\components\Common\HorizondalTab\Dashboardtab.tsx
FN:93,CustomTabPanel
FN:109,a11yProps
FN:116,Dashboardtab
FN:127,(anonymous_3)
FN:287,(anonymous_4)
FN:294,(anonymous_5)
FN:303,(anonymous_6)
FN:312,(anonymous_7)
FN:318,(anonymous_8)
FN:319,(anonymous_9)
FN:321,(anonymous_10)
FN:330,(anonymous_11)
FN:348,(anonymous_12)
FN:350,(anonymous_13)
FN:385,(anonymous_14)
FN:395,(anonymous_15)
FN:401,(anonymous_16)
FN:405,(anonymous_17)
FN:412,(anonymous_18)
FN:434,(anonymous_19)
FN:439,(anonymous_20)
FN:443,(anonymous_21)
FN:449,(anonymous_22)
FN:453,(anonymous_23)
FN:459,(anonymous_24)
FN:463,(anonymous_25)
FN:469,(anonymous_26)
FN:473,(anonymous_27)
FN:479,(anonymous_28)
FN:484,(anonymous_29)
FN:488,(anonymous_30)
FN:514,(anonymous_31)
FN:515,(anonymous_32)
FN:536,(anonymous_33)
FN:545,(anonymous_34)
FN:564,(anonymous_35)
FN:577,(anonymous_36)
FN:588,(anonymous_37)
FN:608,(anonymous_38)
FN:622,(anonymous_39)
FN:648,(anonymous_40)
FN:654,(anonymous_41)
FN:667,(anonymous_42)
FN:779,(anonymous_43)
FN:798,(anonymous_44)
FN:872,(anonymous_45)
FN:947,(anonymous_46)
FN:1022,(anonymous_47)
FN:1086,(anonymous_48)
FN:1115,(anonymous_49)
FN:1206,(anonymous_50)
FN:1217,(anonymous_51)
FN:1230,(anonymous_52)
FN:1236,(anonymous_53)
FN:1252,(anonymous_54)
FN:1267,(anonymous_55)
FN:1297,(anonymous_56)
FN:1316,(anonymous_57)
FN:1326,(anonymous_58)
FN:1334,(anonymous_59)
FN:1338,(anonymous_60)
FN:1343,(anonymous_61)
FN:1348,(anonymous_62)
FN:1351,(anonymous_63)
FN:1366,(anonymous_64)
FN:1371,(anonymous_65)
FN:1378,(anonymous_66)
FN:1385,(anonymous_67)
FN:1398,(anonymous_68)
FN:1412,(anonymous_69)
FN:1432,(anonymous_70)
FN:1454,(anonymous_71)
FN:1474,(anonymous_72)
FN:1490,(anonymous_73)
FN:1492,(anonymous_74)
FN:1494,(anonymous_75)
FN:1495,(anonymous_76)
FN:1530,(anonymous_77)
FN:1538,(anonymous_78)
FN:1546,(anonymous_79)
FN:1554,(anonymous_80)
FN:1583,(anonymous_81)
FN:1590,(anonymous_82)
FN:1596,(anonymous_83)
FNF:84
FNH:0
FNDA:0,CustomTabPanel
FNDA:0,a11yProps
FNDA:0,Dashboardtab
FNDA:0,(anonymous_3)
FNDA:0,(anonymous_4)
FNDA:0,(anonymous_5)
FNDA:0,(anonymous_6)
FNDA:0,(anonymous_7)
FNDA:0,(anonymous_8)
FNDA:0,(anonymous_9)
FNDA:0,(anonymous_10)
FNDA:0,(anonymous_11)
FNDA:0,(anonymous_12)
FNDA:0,(anonymous_13)
FNDA:0,(anonymous_14)
FNDA:0,(anonymous_15)
FNDA:0,(anonymous_16)
FNDA:0,(anonymous_17)
FNDA:0,(anonymous_18)
FNDA:0,(anonymous_19)
FNDA:0,(anonymous_20)
FNDA:0,(anonymous_21)
FNDA:0,(anonymous_22)
FNDA:0,(anonymous_23)
FNDA:0,(anonymous_24)
FNDA:0,(anonymous_25)
FNDA:0,(anonymous_26)
FNDA:0,(anonymous_27)
FNDA:0,(anonymous_28)
FNDA:0,(anonymous_29)
FNDA:0,(anonymous_30)
FNDA:0,(anonymous_31)
FNDA:0,(anonymous_32)
FNDA:0,(anonymous_33)
FNDA:0,(anonymous_34)
FNDA:0,(anonymous_35)
FNDA:0,(anonymous_36)
FNDA:0,(anonymous_37)
FNDA:0,(anonymous_38)
FNDA:0,(anonymous_39)
FNDA:0,(anonymous_40)
FNDA:0,(anonymous_41)
FNDA:0,(anonymous_42)
FNDA:0,(anonymous_43)
FNDA:0,(anonymous_44)
FNDA:0,(anonymous_45)
FNDA:0,(anonymous_46)
FNDA:0,(anonymous_47)
FNDA:0,(anonymous_48)
FNDA:0,(anonymous_49)
FNDA:0,(anonymous_50)
FNDA:0,(anonymous_51)
FNDA:0,(anonymous_52)
FNDA:0,(anonymous_53)
FNDA:0,(anonymous_54)
FNDA:0,(anonymous_55)
FNDA:0,(anonymous_56)
FNDA:0,(anonymous_57)
FNDA:0,(anonymous_58)
FNDA:0,(anonymous_59)
FNDA:0,(anonymous_60)
FNDA:0,(anonymous_61)
FNDA:0,(anonymous_62)
FNDA:0,(anonymous_63)
FNDA:0,(anonymous_64)
FNDA:0,(anonymous_65)
FNDA:0,(anonymous_66)
FNDA:0,(anonymous_67)
FNDA:0,(anonymous_68)
FNDA:0,(anonymous_69)
FNDA:0,(anonymous_70)
FNDA:0,(anonymous_71)
FNDA:0,(anonymous_72)
FNDA:0,(anonymous_73)
FNDA:0,(anonymous_74)
FNDA:0,(anonymous_75)
FNDA:0,(anonymous_76)
FNDA:0,(anonymous_77)
FNDA:0,(anonymous_78)
FNDA:0,(anonymous_79)
FNDA:0,(anonymous_80)
FNDA:0,(anonymous_81)
FNDA:0,(anonymous_82)
FNDA:0,(anonymous_83)
DA:94,0
DA:96,0
DA:110,0
DA:121,0
DA:122,0
DA:123,0
DA:124,0
DA:125,0
DA:126,0
DA:127,0
DA:128,0
DA:129,0
DA:130,0
DA:131,0
DA:132,0
DA:133,0
DA:134,0
DA:137,0
DA:138,0
DA:141,0
DA:281,0
DA:287,0
DA:288,0
DA:291,0
DA:292,0
DA:293,0
DA:294,0
DA:303,0
DA:304,0
DA:305,0
DA:306,0
DA:307,0
DA:308,0
DA:310,0
DA:311,0
DA:312,0
DA:314,0
DA:318,0
DA:319,0
DA:320,0
DA:321,0
DA:323,0
DA:326,0
DA:330,0
DA:331,0
DA:332,0
DA:334,0
DA:337,0
DA:347,0
DA:348,0
DA:349,0
DA:350,0
DA:351,0
DA:353,0
DA:354,0
DA:358,0
DA:359,0
DA:362,0
DA:364,0
DA:365,0
DA:367,0
DA:369,0
DA:371,0
DA:372,0
DA:374,0
DA:375,0
DA:376,0
DA:377,0
DA:378,0
DA:384,0
DA:385,0
DA:388,0
DA:390,0
DA:391,0
DA:395,0
DA:396,0
DA:397,0
DA:398,0
DA:401,0
DA:402,0
DA:403,0
DA:404,0
DA:406,0
DA:409,0
DA:410,0
DA:412,0
DA:413,0
DA:429,0
DA:434,0
DA:435,0
DA:436,0
DA:437,0
DA:438,0
DA:439,0
DA:443,0
DA:444,0
DA:449,0
DA:453,0
DA:454,0
DA:459,0
DA:463,0
DA:464,0
DA:469,0
DA:473,0
DA:474,0
DA:479,0
DA:484,0
DA:485,0
DA:488,0
DA:489,0
DA:490,0
DA:492,0
DA:494,0
DA:496,0
DA:498,0
DA:500,0
DA:514,0
DA:515,0
DA:516,0
DA:523,0
DA:526,0
DA:530,0
DA:533,0
DA:534,0
DA:536,0
DA:540,0
DA:541,0
DA:542,0
DA:545,0
DA:547,0
DA:550,0
DA:551,0
DA:553,0
DA:556,0
DA:557,0
DA:559,0
DA:563,0
DA:564,0
DA:577,0
DA:588,0
DA:592,0
DA:593,0
DA:594,0
DA:602,0
DA:608,0
DA:610,0
DA:612,0
DA:614,0
DA:616,0
DA:618,0
DA:622,0
DA:623,0
DA:624,0
DA:641,0
DA:643,0
DA:648,0
DA:649,0
DA:650,0
DA:651,0
DA:654,0
DA:655,0
DA:656,0
DA:657,0
DA:658,0
DA:659,0
DA:661,0
DA:663,0
DA:667,0
DA:668,0
DA:669,0
DA:670,0
DA:672,0
DA:780,0
DA:798,0
DA:872,0
DA:947,0
DA:1022,0
DA:1086,0
DA:1115,0
DA:1206,0
DA:1218,0
DA:1231,0
DA:1236,0
DA:1253,0
DA:1268,0
DA:1269,0
DA:1285,0
DA:1297,0
DA:1302,0
DA:1304,0
DA:1305,0
DA:1309,0
DA:1313,0
DA:1316,0
DA:1317,0
DA:1318,0
DA:1326,0
DA:1327,0
DA:1328,0
DA:1330,0
DA:1334,0
DA:1335,0
DA:1336,0
DA:1338,0
DA:1339,0
DA:1342,0
DA:1343,0
DA:1347,0
DA:1348,0
DA:1349,0
DA:1351,0
DA:1352,0
DA:1353,0
DA:1356,0
DA:1357,0
DA:1362,0
DA:1365,0
DA:1366,0
DA:1368,0
DA:1371,0
DA:1372,0
DA:1374,0
DA:1378,0
DA:1379,0
DA:1382,0
DA:1383,0
DA:1385,0
DA:1386,0
DA:1388,0
DA:1390,0
DA:1392,0
DA:1394,0
DA:1398,0
DA:1399,0
DA:1400,0
DA:1401,0
DA:1403,0
DA:1409,0
DA:1412,0
DA:1413,0
DA:1414,0
DA:1415,0
DA:1424,0
DA:1426,0
DA:1432,0
DA:1433,0
DA:1439,0
DA:1441,0
DA:1442,0
DA:1443,0
DA:1446,0
DA:1447,0
DA:1448,0
DA:1450,0
DA:1454,0
DA:1455,0
DA:1456,0
DA:1460,0
DA:1475,0
DA:1491,0
DA:1492,0
DA:1494,0
DA:1495,0
DA:1530,0
DA:1538,0
DA:1546,0
DA:1554,0
DA:1583,0
DA:1590,0
DA:1596,0
LF:270
LH:0
BRDA:104,0,0,0
BRDA:104,0,1,0
BRDA:292,1,0,0
BRDA:292,1,1,0
BRDA:295,2,0,0
BRDA:295,2,1,0
BRDA:296,3,0,0
BRDA:296,3,1,0
BRDA:297,4,0,0
BRDA:297,4,1,0
BRDA:320,5,0,0
BRDA:320,5,1,0
BRDA:347,6,0,0
BRDA:347,6,1,0
BRDA:347,7,0,0
BRDA:347,7,1,0
BRDA:353,8,0,0
BRDA:353,8,1,0
BRDA:353,9,0,0
BRDA:353,9,1,0
BRDA:358,10,0,0
BRDA:358,10,1,0
BRDA:364,11,0,0
BRDA:364,11,1,0
BRDA:374,12,0,0
BRDA:374,12,1,0
BRDA:374,13,0,0
BRDA:374,13,1,0
BRDA:375,14,0,0
BRDA:375,14,1,0
BRDA:375,15,0,0
BRDA:375,15,1,0
BRDA:376,16,0,0
BRDA:376,16,1,0
BRDA:376,17,0,0
BRDA:376,17,1,0
BRDA:377,18,0,0
BRDA:377,18,1,0
BRDA:379,19,0,0
BRDA:379,19,1,0
BRDA:380,20,0,0
BRDA:380,20,1,0
BRDA:381,21,0,0
BRDA:381,21,1,0
BRDA:402,22,0,0
BRDA:402,22,1,0
BRDA:409,23,0,0
BRDA:409,23,1,0
BRDA:414,24,0,0
BRDA:414,24,1,0
BRDA:414,24,2,0
BRDA:414,24,3,0
BRDA:414,24,4,0
BRDA:414,24,5,0
BRDA:414,24,6,0
BRDA:414,24,7,0
BRDA:414,24,8,0
BRDA:414,24,9,0
BRDA:414,24,10,0
BRDA:414,24,11,0
BRDA:445,25,0,0
BRDA:445,25,1,0
BRDA:446,26,0,0
BRDA:446,26,1,0
BRDA:447,27,0,0
BRDA:447,27,1,0
BRDA:455,28,0,0
BRDA:455,28,1,0
BRDA:456,29,0,0
BRDA:456,29,1,0
BRDA:457,30,0,0
BRDA:457,30,1,0
BRDA:465,31,0,0
BRDA:465,31,1,0
BRDA:466,32,0,0
BRDA:466,32,1,0
BRDA:467,33,0,0
BRDA:467,33,1,0
BRDA:475,34,0,0
BRDA:475,34,1,0
BRDA:476,35,0,0
BRDA:476,35,1,0
BRDA:477,36,0,0
BRDA:477,36,1,0
BRDA:489,37,0,0
BRDA:489,37,1,0
BRDA:490,38,0,0
BRDA:490,38,1,0
BRDA:490,38,2,0
BRDA:490,38,3,0
BRDA:490,38,4,0
BRDA:516,39,0,0
BRDA:516,39,1,0
BRDA:517,40,0,0
BRDA:517,40,1,0
BRDA:517,40,2,0
BRDA:517,40,3,0
BRDA:517,40,4,0
BRDA:540,41,0,0
BRDA:540,41,1,0
BRDA:550,42,0,0
BRDA:550,42,1,0
BRDA:550,43,0,0
BRDA:550,43,1,0
BRDA:563,44,0,0
BRDA:563,44,1,0
BRDA:565,45,0,0
BRDA:565,45,1,0
BRDA:566,46,0,0
BRDA:566,46,1,0
BRDA:568,47,0,0
BRDA:568,47,1,0
BRDA:569,48,0,0
BRDA:569,48,1,0
BRDA:571,49,0,0
BRDA:571,49,1,0
BRDA:574,50,0,0
BRDA:574,50,1,0
BRDA:575,51,0,0
BRDA:575,51,1,0
BRDA:576,52,0,0
BRDA:576,52,1,0
BRDA:578,53,0,0
BRDA:578,53,1,0
BRDA:579,54,0,0
BRDA:579,54,1,0
BRDA:581,55,0,0
BRDA:581,55,1,0
BRDA:582,56,0,0
BRDA:582,56,1,0
BRDA:584,57,0,0
BRDA:584,57,1,0
BRDA:610,58,0,0
BRDA:610,58,1,0
BRDA:610,58,2,0
BRDA:610,58,3,0
BRDA:668,59,0,0
BRDA:668,59,1,0
BRDA:668,60,0,0
BRDA:668,60,1,0
BRDA:678,61,0,0
BRDA:678,61,1,0
BRDA:680,62,0,0
BRDA:680,62,1,0
BRDA:682,63,0,0
BRDA:682,63,1,0
BRDA:690,64,0,0
BRDA:690,64,1,0
BRDA:691,65,0,0
BRDA:691,65,1,0
BRDA:700,66,0,0
BRDA:700,66,1,0
BRDA:717,67,0,0
BRDA:717,67,1,0
BRDA:734,68,0,0
BRDA:734,68,1,0
BRDA:753,69,0,0
BRDA:753,69,1,0
BRDA:770,70,0,0
BRDA:770,70,1,0
BRDA:776,71,0,0
BRDA:776,71,1,0
BRDA:841,72,0,0
BRDA:841,72,1,0
BRDA:862,73,0,0
BRDA:862,73,1,0
BRDA:873,74,0,0
BRDA:873,74,1,0
BRDA:916,75,0,0
BRDA:916,75,1,0
BRDA:937,76,0,0
BRDA:937,76,1,0
BRDA:948,77,0,0
BRDA:948,77,1,0
BRDA:991,78,0,0
BRDA:991,78,1,0
BRDA:1012,79,0,0
BRDA:1012,79,1,0
BRDA:1023,80,0,0
BRDA:1023,80,1,0
BRDA:1066,81,0,0
BRDA:1066,81,1,0
BRDA:1083,82,0,0
BRDA:1083,82,1,0
BRDA:1083,82,2,0
BRDA:1083,82,3,0
BRDA:1123,83,0,0
BRDA:1123,83,1,0
BRDA:1142,84,0,0
BRDA:1142,84,1,0
BRDA:1161,85,0,0
BRDA:1161,85,1,0
BRDA:1180,86,0,0
BRDA:1180,86,1,0
BRDA:1211,87,0,0
BRDA:1211,87,1,0
BRDA:1216,88,0,0
BRDA:1216,88,1,0
BRDA:1216,89,0,0
BRDA:1216,89,1,0
BRDA:1318,90,0,0
BRDA:1318,90,1,0
BRDA:1328,91,0,0
BRDA:1328,91,1,0
BRDA:1336,92,0,0
BRDA:1336,92,1,0
BRDA:1352,93,0,0
BRDA:1352,93,1,0
BRDA:1356,94,0,0
BRDA:1356,94,1,0
BRDA:1357,95,0,0
BRDA:1357,95,1,0
BRDA:1357,96,0,0
BRDA:1357,96,1,0
BRDA:1372,97,0,0
BRDA:1372,97,1,0
BRDA:1383,98,0,0
BRDA:1383,98,1,0
BRDA:1386,99,0,0
BRDA:1386,99,1,0
BRDA:1386,99,2,0
BRDA:1386,99,3,0
BRDA:1455,100,0,0
BRDA:1455,100,1,0
BRDA:1471,101,0,0
BRDA:1471,101,1,0
BRDA:1491,102,0,0
BRDA:1491,102,1,0
BRDA:1505,103,0,0
BRDA:1505,103,1,0
BRDA:1567,104,0,0
BRDA:1567,104,1,0
BRF:232
BRH:0
end_of_record
TN:
SF:src\components\Common\LocationPicker\GoogleMapWrapper.tsx
FN:4,(anonymous_0)
FNF:1
FNH:0
FNDA:0,(anonymous_0)
DA:4,0
DA:5,0
DA:10,0
DA:11,0
DA:13,0
LF:5
LH:0
BRDA:6,0,0,0
BRDA:6,0,1,0
BRDA:10,1,0,0
BRDA:10,1,1,0
BRDA:11,2,0,0
BRDA:11,2,1,0
BRF:6
BRH:0
end_of_record
TN:
SF:src\components\Common\LocationPicker\LocationPicker.tsx
FN:25,(anonymous_0)
FN:31,(anonymous_1)
FNF:2
FNH:0
FNDA:0,(anonymous_0)
FNDA:0,(anonymous_1)
DA:4,0
DA:13,0
DA:18,0
DA:25,0
DA:26,0
DA:27,0
DA:29,0
DA:31,0
DA:32,0
DA:35,0
LF:10
LH:0
BRDA:26,0,0,0
BRDA:26,0,1,0
BRDA:26,1,0,0
BRDA:26,1,1,0
BRDA:27,2,0,0
BRDA:27,2,1,0
BRDA:27,3,0,0
BRDA:27,3,1,0
BRF:8
BRH:0
end_of_record
TN:
SF:src\components\Common\Navbar\Navbar.tsx
FN:21,(anonymous_0)
FN:32,(anonymous_1)
FN:33,(anonymous_2)
FN:36,(anonymous_3)
FN:41,(anonymous_4)
FN:48,(anonymous_5)
FN:54,(anonymous_6)
FN:55,(anonymous_7)
FN:67,(anonymous_8)
FN:68,(anonymous_9)
FN:83,(anonymous_10)
FN:91,(anonymous_11)
FN:93,(anonymous_12)
FN:97,(anonymous_13)
FN:98,(anonymous_14)
FN:101,(anonymous_15)
FNF:16
FNH:0
FNDA:0,(anonymous_0)
FNDA:0,(anonymous_1)
FNDA:0,(anonymous_2)
FNDA:0,(anonymous_3)
FNDA:0,(anonymous_4)
FNDA:0,(anonymous_5)
FNDA:0,(anonymous_6)
FNDA:0,(anonymous_7)
FNDA:0,(anonymous_8)
FNDA:0,(anonymous_9)
FNDA:0,(anonymous_10)
FNDA:0,(anonymous_11)
FNDA:0,(anonymous_12)
FNDA:0,(anonymous_13)
FNDA:0,(anonymous_14)
FNDA:0,(anonymous_15)
DA:19,0
DA:21,0
DA:27,0
DA:28,0
DA:29,0
DA:32,0
DA:33,0
DA:36,0
DA:37,0
DA:38,0
DA:41,0
DA:42,0
DA:43,0
DA:46,0
DA:48,0
DA:49,0
DA:50,0
DA:51,0
DA:54,0
DA:55,0
DA:57,0
DA:58,0
DA:60,0
DA:61,0
DA:64,0
DA:65,0
DA:67,0
DA:68,0
DA:69,0
DA:72,0
DA:73,0
DA:75,0
DA:78,0
DA:83,0
DA:88,0
DA:91,0
DA:92,0
DA:93,0
DA:95,0
DA:97,0
DA:98,0
DA:101,0
DA:102,0
DA:108,0
LF:44
LH:0
BRDA:60,0,0,0
BRDA:60,0,1,0
BRDA:61,1,0,0
BRDA:61,1,1,0
BRDA:72,2,0,0
BRDA:72,2,1,0
BRDA:72,3,0,0
BRDA:72,3,1,0
BRDA:110,4,0,0
BRDA:110,4,1,0
BRDA:134,5,0,0
BRDA:134,5,1,0
BRF:12
BRH:0
end_of_record
TN:
SF:src\components\Common\Navbar\autoComplete\autoCompleteApi.tsx
FN:29,(anonymous_0)
FN:33,AutoCompleteWithSelect
FN:40,(anonymous_2)
FN:41,(anonymous_3)
FN:55,(anonymous_4)
FN:62,(anonymous_5)
FN:80,(anonymous_6)
FN:91,(anonymous_7)
FN:115,(anonymous_8)
FN:148,(anonymous_9)
FN:151,(anonymous_10)
FN:153,(anonymous_11)
FN:169,(anonymous_12)
FN:177,(anonymous_13)
FN:189,(anonymous_14)
FNF:15
FNH:0
FNDA:0,(anonymous_0)
FNDA:0,AutoCompleteWithSelect
FNDA:0,(anonymous_2)
FNDA:0,(anonymous_3)
FNDA:0,(anonymous_4)
FNDA:0,(anonymous_5)
FNDA:0,(anonymous_6)
FNDA:0,(anonymous_7)
FNDA:0,(anonymous_8)
FNDA:0,(anonymous_9)
FNDA:0,(anonymous_10)
FNDA:0,(anonymous_11)
FNDA:0,(anonymous_12)
FNDA:0,(anonymous_13)
FNDA:0,(anonymous_14)
DA:29,0
DA:30,0
DA:34,0
DA:35,0
DA:36,0
DA:37,0
DA:38,0
DA:40,0
DA:41,0
DA:42,0
DA:43,0
DA:44,0
DA:45,0
DA:49,0
DA:51,0
DA:52,0
DA:53,0
DA:54,0
DA:55,0
DA:56,0
DA:62,0
DA:68,0
DA:69,0
DA:70,0
DA:72,0
DA:74,0
DA:80,0
DA:81,0
DA:82,0
DA:83,0
DA:86,0
DA:89,0
DA:90,0
DA:91,0
DA:92,0
DA:93,0
DA:94,0
DA:97,0
DA:98,0
DA:99,0
DA:100,0
DA:101,0
DA:102,0
DA:103,0
DA:108,0
DA:115,0
DA:149,0
DA:151,0
DA:153,0
DA:170,0
DA:177,0
DA:190,0
LF:52
LH:0
BRDA:42,0,0,0
BRDA:42,0,1,0
BRDA:81,1,0,0
BRDA:81,1,1,0
BRDA:93,2,0,0
BRDA:93,2,1,0
BRDA:93,3,0,0
BRDA:93,3,1,0
BRDA:100,4,0,0
BRDA:100,4,1,0
BRDA:149,5,0,0
BRDA:149,5,1,0
BRDA:149,6,0,0
BRDA:149,6,1,0
BRDA:182,7,0,0
BRDA:182,7,1,0
BRF:16
BRH:0
end_of_record
TN:
SF:src\components\Common\Sidebar\Sidebar.tsx
FN:23,Sidebar
FN:28,(anonymous_1)
FN:36,(anonymous_2)
FN:37,(anonymous_3)
FN:46,(anonymous_4)
FNF:5
FNH:0
FNDA:0,Sidebar
FNDA:0,(anonymous_1)
FNDA:0,(anonymous_2)
FNDA:0,(anonymous_3)
FNDA:0,(anonymous_4)
DA:10,0
DA:21,0
DA:24,0
DA:25,0
DA:28,0
DA:29,0
DA:32,0
DA:36,0
DA:37,0
DA:38,0
DA:40,0
DA:41,0
DA:46,0
DA:48,0
DA:49,0
DA:50,0
DA:82,0
LF:17
LH:0
BRDA:33,0,0,0
BRDA:33,0,1,0
BRDA:40,1,0,0
BRDA:40,1,1,0
BRDA:40,2,0,0
BRDA:40,2,1,0
BRDA:48,3,0,0
BRDA:48,3,1,0
BRF:8
BRH:0
end_of_record
TN:
SF:src\components\Common\UploadButton\UploadButton.tsx
FN:11,(anonymous_0)
FN:23,(anonymous_1)
FN:37,(anonymous_2)
FN:57,(anonymous_3)
FN:63,(anonymous_4)
FNF:5
FNH:0
FNDA:0,(anonymous_0)
FNDA:0,(anonymous_1)
FNDA:0,(anonymous_2)
FNDA:0,(anonymous_3)
FNDA:0,(anonymous_4)
DA:5,0
DA:11,0
DA:14,0
DA:16,0
DA:17,0
DA:18,0
DA:19,0
DA:20,0
DA:21,0
DA:23,0
DA:24,0
DA:25,0
DA:26,0
DA:29,0
DA:30,0
DA:31,0
DA:34,0
DA:37,0
DA:38,0
DA:39,0
DA:40,0
DA:41,0
DA:42,0
DA:43,0
DA:44,0
DA:49,0
DA:51,0
DA:52,0
DA:53,0
DA:57,0
DA:58,0
DA:59,0
DA:60,0
DA:63,0
DA:64,0
DA:65,0
DA:66,0
DA:67,0
DA:69,0
DA:72,0
LF:40
LH:0
BRDA:25,0,0,0
BRDA:25,0,1,0
BRDA:30,1,0,0
BRDA:30,1,1,0
BRDA:39,2,0,0
BRDA:39,2,1,0
BRDA:41,3,0,0
BRDA:41,3,1,0
BRDA:65,4,0,0
BRDA:65,4,1,0
BRDA:74,5,0,0
BRDA:74,5,1,0
BRDA:78,6,0,0
BRDA:78,6,1,0
BRDA:106,7,0,0
BRDA:106,7,1,0
BRF:16
BRH:0
end_of_record
TN:
SF:src\components\Common\ViewCarousel\ViewCarousel.tsx
FN:15,(anonymous_0)
FN:24,(anonymous_1)
FN:33,(anonymous_2)
FN:52,(anonymous_3)
FN:58,(anonymous_4)
FN:60,(anonymous_5)
FN:61,(anonymous_6)
FN:76,(anonymous_7)
FN:84,(anonymous_8)
FN:101,(anonymous_9)
FNF:10
FNH:0
FNDA:0,(anonymous_0)
FNDA:0,(anonymous_1)
FNDA:0,(anonymous_2)
FNDA:0,(anonymous_3)
FNDA:0,(anonymous_4)
FNDA:0,(anonymous_5)
FNDA:0,(anonymous_6)
FNDA:0,(anonymous_7)
FNDA:0,(anonymous_8)
FNDA:0,(anonymous_9)
DA:15,0
DA:16,0
DA:24,0
DA:25,0
DA:33,0
DA:34,0
DA:35,0
DA:36,0
DA:37,0
DA:39,0
DA:41,0
DA:52,0
DA:58,0
DA:61,0
DA:76,0
DA:85,0
DA:101,0
LF:17
LH:0
BRDA:39,0,0,0
BRDA:39,0,1,0
BRDA:39,1,0,0
BRDA:39,1,1,0
BRDA:90,2,0,0
BRDA:90,2,1,0
BRF:6
BRH:0
end_of_record
TN:
SF:src\components\Common\skeletonLoader\Skeletonloader.tsx
FN:10,(anonymous_0)
FN:14,(anonymous_1)
FN:16,(anonymous_2)
FN:17,(anonymous_3)
FNF:4
FNH:0
FNDA:0,(anonymous_0)
FNDA:0,(anonymous_1)
FNDA:0,(anonymous_2)
FNDA:0,(anonymous_3)
DA:10,0
DA:11,0
DA:12,0
DA:14,0
DA:16,0
DA:17,0
DA:18,0
DA:22,0
DA:24,0
DA:27,0
LF:10
LH:0
BRDA:29,0,0,0
BRDA:29,0,1,0
BRF:2
BRH:0
end_of_record
TN:
SF:src\components\Dashboard\Dashboard.tsx
FN:61,Home
FN:97,(anonymous_1)
FN:104,(anonymous_2)
FN:111,(anonymous_3)
FN:128,(anonymous_4)
FN:130,(anonymous_5)
FN:151,(anonymous_6)
FN:152,(anonymous_7)
FN:168,(anonymous_8)
FN:188,(anonymous_9)
FN:191,(anonymous_10)
FN:194,(anonymous_11)
FN:196,(anonymous_12)
FN:201,(anonymous_13)
FN:251,(anonymous_14)
FN:275,(anonymous_15)
FN:299,(anonymous_16)
FN:326,(anonymous_17)
FNF:18
FNH:0
FNDA:0,Home
FNDA:0,(anonymous_1)
FNDA:0,(anonymous_2)
FNDA:0,(anonymous_3)
FNDA:0,(anonymous_4)
FNDA:0,(anonymous_5)
FNDA:0,(anonymous_6)
FNDA:0,(anonymous_7)
FNDA:0,(anonymous_8)
FNDA:0,(anonymous_9)
FNDA:0,(anonymous_10)
FNDA:0,(anonymous_11)
FNDA:0,(anonymous_12)
FNDA:0,(anonymous_13)
FNDA:0,(anonymous_14)
FNDA:0,(anonymous_15)
FNDA:0,(anonymous_16)
FNDA:0,(anonymous_17)
DA:34,0
DA:45,0
DA:62,0
DA:63,0
DA:69,0
DA:75,0
DA:77,0
DA:83,0
DA:85,0
DA:86,0
DA:87,0
DA:88,0
DA:89,0
DA:90,0
DA:91,0
DA:92,0
DA:93,0
DA:94,0
DA:95,0
DA:97,0
DA:98,0
DA:99,0
DA:102,0
DA:104,0
DA:105,0
DA:106,0
DA:111,0
DA:112,0
DA:113,0
DA:114,0
DA:115,0
DA:118,0
DA:119,0
DA:122,0
DA:123,0
DA:128,0
DA:129,0
DA:130,0
DA:132,0
DA:135,0
DA:136,0
DA:138,0
DA:141,0
DA:146,0
DA:147,0
DA:151,0
DA:152,0
DA:153,0
DA:154,0
DA:156,0
DA:157,0
DA:161,0
DA:162,0
DA:168,0
DA:173,0
DA:174,0
DA:176,0
DA:177,0
DA:179,0
DA:181,0
DA:186,0
DA:188,0
DA:190,0
DA:191,0
DA:194,0
DA:196,0
DA:198,0
DA:201,0
DA:204,0
DA:205,0
DA:215,0
DA:216,0
DA:225,0
DA:229,0
DA:230,0
DA:233,0
DA:252,0
DA:277,0
DA:300,0
DA:327,0
DA:328,0
DA:331,0
DA:332,0
DA:335,0
DA:336,0
DA:340,0
LF:86
LH:0
BRDA:61,0,0,0
BRDA:75,1,0,0
BRDA:75,1,1,0
BRDA:83,2,0,0
BRDA:83,2,1,0
BRDA:98,3,0,0
BRDA:98,3,1,0
BRDA:112,4,0,0
BRDA:112,4,1,0
BRDA:114,5,0,0
BRDA:114,5,1,0
BRDA:118,6,0,0
BRDA:118,6,1,0
BRDA:122,7,0,0
BRDA:122,7,1,0
BRDA:135,8,0,0
BRDA:135,8,1,0
BRDA:135,9,0,0
BRDA:135,9,1,0
BRDA:161,10,0,0
BRDA:161,10,1,0
BRDA:163,11,0,0
BRDA:163,11,1,0
BRDA:164,12,0,0
BRDA:164,12,1,0
BRDA:165,13,0,0
BRDA:165,13,1,0
BRDA:170,14,0,0
BRDA:170,14,1,0
BRDA:176,15,0,0
BRDA:176,15,1,0
BRDA:176,16,0,0
BRDA:176,16,1,0
BRDA:204,17,0,0
BRDA:204,17,1,0
BRDA:215,18,0,0
BRDA:215,18,1,0
BRDA:225,19,0,0
BRDA:225,19,1,0
BRDA:225,19,2,0
BRDA:229,20,0,0
BRDA:229,20,1,0
BRDA:235,21,0,0
BRDA:235,21,1,0
BRDA:261,22,0,0
BRDA:261,22,1,0
BRDA:327,23,0,0
BRDA:327,23,1,0
BRDA:331,24,0,0
BRDA:331,24,1,0
BRDA:335,25,0,0
BRDA:335,25,1,0
BRF:52
BRH:0
end_of_record
TN:
SF:src\components\Login\Login.tsx
FN:6,(anonymous_1)
FN:11,(anonymous_2)
FN:55,(anonymous_3)
FN:66,(anonymous_4)
FNF:4
FNH:1
FNDA:2,(anonymous_1)
FNDA:0,(anonymous_2)
FNDA:0,(anonymous_3)
FNDA:0,(anonymous_4)
DA:1,1
DA:2,1
DA:3,1
DA:4,1
DA:6,1
DA:7,2
DA:8,2
DA:9,2
DA:11,2
DA:12,0
DA:14,0
DA:15,0
DA:20,0
DA:21,0
DA:23,0
DA:25,0
DA:26,0
DA:28,0
DA:30,0
DA:33,0
DA:37,2
DA:55,0
DA:66,0
DA:81,1
LF:24
LH:11
BRDA:23,0,0,0
BRDA:23,0,1,0
BRDA:23,1,0,0
BRDA:23,1,1,0
BRDA:33,2,0,0
BRDA:33,2,1,0
BRF:6
BRH:0
end_of_record
TN:
SF:src\components\Login\ProtectedRoute.tsx
FN:10,(anonymous_0)
FN:24,(anonymous_1)
FNF:2
FNH:0
FNDA:0,(anonymous_0)
FNDA:0,(anonymous_1)
DA:10,0
DA:11,0
DA:12,0
DA:14,0
DA:15,0
DA:16,0
DA:17,0
DA:20,0
DA:24,0
DA:25,0
DA:27,0
LF:11
LH:0
BRDA:12,0,0,0
BRDA:12,0,1,0
BRDA:27,1,0,0
BRDA:27,1,1,0
BRF:4
BRH:0
end_of_record
TN:
SF:src\components\Login\Tabs.tsx
FN:6,(anonymous_0)
FN:11,(anonymous_1)
FN:35,(anonymous_2)
FN:38,(anonymous_3)
FNF:4
FNH:0
FNDA:0,(anonymous_0)
FNDA:0,(anonymous_1)
FNDA:0,(anonymous_2)
FNDA:0,(anonymous_3)
DA:4,0
DA:6,0
DA:8,0
DA:11,0
DA:12,0
DA:13,0
DA:14,0
DA:32,0
DA:36,0
DA:38,0
LF:10
LH:0
BRDA:13,0,0,0
BRDA:13,0,1,0
BRDA:13,1,0,0
BRDA:13,1,1,0
BRDA:40,2,0,0
BRDA:40,2,1,0
BRF:6
BRH:0
end_of_record
TN:
SF:src\components\NotificationTab\Bellicon.tsx
FN:6,(anonymous_0)
FN:17,(anonymous_1)
FNF:2
FNH:0
FNDA:0,(anonymous_0)
FNDA:0,(anonymous_1)
DA:6,0
DA:7,0
DA:14,0
DA:17,0
LF:4
LH:0
BRDA:18,0,0,0
BRDA:18,0,1,0
BRDA:19,1,0,0
BRDA:19,1,1,0
BRF:4
BRH:0
end_of_record
TN:
SF:src\components\NotificationTab\Notificationtab.tsx
FN:32,CustomTabPanel
FN:48,a11yProps
FN:55,Notificationtab
FN:59,(anonymous_3)
FN:63,(anonymous_4)
FN:65,(anonymous_5)
FN:71,(anonymous_6)
FN:72,(anonymous_7)
FN:125,(anonymous_8)
FNF:9
FNH:0
FNDA:0,CustomTabPanel
FNDA:0,a11yProps
FNDA:0,Notificationtab
FNDA:0,(anonymous_3)
FNDA:0,(anonymous_4)
FNDA:0,(anonymous_5)
FNDA:0,(anonymous_6)
FNDA:0,(anonymous_7)
FNDA:0,(anonymous_8)
DA:30,0
DA:33,0
DA:35,0
DA:49,0
DA:56,0
DA:57,0
DA:59,0
DA:60,0
DA:63,0
DA:64,0
DA:66,0
DA:69,0
DA:71,0
DA:72,0
DA:78,0
DA:126,0
LF:16
LH:0
BRDA:43,0,0,0
BRDA:43,0,1,0
BRDA:111,1,0,0
BRDA:111,1,1,0
BRF:4
BRH:0
end_of_record
TN:
SF:src\components\Properties\properties.tsx
FN:51,setNested
FN:55,(anonymous_1)
FN:69,flattenObject
FN:90,(anonymous_3)
FN:99,buildPayloadDynamic
FN:205,(anonymous_5)
FN:253,(anonymous_6)
FN:286,(anonymous_7)
FN:317,(anonymous_8)
FN:334,(anonymous_9)
FN:335,(anonymous_10)
FN:338,(anonymous_11)
FN:366,(anonymous_12)
FN:367,(anonymous_13)
FN:369,(anonymous_14)
FN:379,(anonymous_15)
FN:392,(anonymous_16)
FN:396,(anonymous_17)
FN:405,(anonymous_18)
FN:441,(anonymous_19)
FN:491,(anonymous_20)
FN:497,(anonymous_21)
FN:542,(anonymous_22)
FN:549,(anonymous_23)
FN:584,(anonymous_24)
FN:632,(anonymous_25)
FN:653,(anonymous_26)
FN:678,(anonymous_27)
FN:692,(anonymous_28)
FN:709,(anonymous_29)
FN:746,(anonymous_30)
FN:759,(anonymous_31)
FN:777,(anonymous_32)
FN:790,(anonymous_33)
FN:806,(anonymous_34)
FN:820,(anonymous_35)
FN:840,(anonymous_36)
FN:856,(anonymous_37)
FN:873,(anonymous_38)
FN:890,(anonymous_39)
FN:903,(anonymous_40)
FN:954,(anonymous_41)
FN:955,(anonymous_42)
FN:1002,(anonymous_43)
FN:1022,(anonymous_44)
FN:1035,(anonymous_45)
FN:1131,(anonymous_46)
FN:1159,(anonymous_47)
FN:1160,(anonymous_48)
FN:1161,(anonymous_49)
FN:1196,(anonymous_50)
FN:1210,(anonymous_51)
FN:1222,(anonymous_52)
FN:1239,(anonymous_53)
FN:1249,(anonymous_54)
FN:1289,(anonymous_55)
FN:1303,(anonymous_56)
FN:1318,(anonymous_57)
FN:1343,(anonymous_58)
FN:1356,(anonymous_59)
FN:1370,(anonymous_60)
FN:1389,(anonymous_61)
FN:1402,(anonymous_62)
FN:1437,(anonymous_63)
FN:1438,(anonymous_64)
FN:1440,(anonymous_65)
FN:1458,(anonymous_66)
FN:1459,(anonymous_67)
FN:1461,(anonymous_68)
FN:1479,(anonymous_69)
FN:1480,(anonymous_70)
FN:1482,(anonymous_71)
FN:1499,(anonymous_72)
FN:1500,(anonymous_73)
FN:1502,(anonymous_74)
FN:1519,(anonymous_75)
FN:1520,(anonymous_76)
FN:1522,(anonymous_77)
FN:1556,(anonymous_78)
FN:1557,(anonymous_79)
FN:1559,(anonymous_80)
FN:1576,(anonymous_81)
FN:1577,(anonymous_82)
FN:1579,(anonymous_83)
FN:1596,(anonymous_84)
FN:1597,(anonymous_85)
FN:1599,(anonymous_86)
FN:1633,(anonymous_87)
FN:1634,(anonymous_88)
FN:1636,(anonymous_89)
FN:1653,(anonymous_90)
FN:1654,(anonymous_91)
FN:1656,(anonymous_92)
FN:1689,(anonymous_93)
FN:1690,(anonymous_94)
FN:1692,(anonymous_95)
FN:1709,(anonymous_96)
FN:1710,(anonymous_97)
FN:1712,(anonymous_98)
FN:1729,(anonymous_99)
FN:1730,(anonymous_100)
FN:1732,(anonymous_101)
FN:1751,(anonymous_102)
FN:1752,(anonymous_103)
FN:1754,(anonymous_104)
FN:1770,(anonymous_105)
FN:1771,(anonymous_106)
FN:1773,(anonymous_107)
FN:1789,(anonymous_108)
FN:1790,(anonymous_109)
FN:1792,(anonymous_110)
FN:1833,(anonymous_111)
FN:1834,(anonymous_112)
FN:1836,(anonymous_113)
FN:1853,(anonymous_114)
FN:1854,(anonymous_115)
FN:1856,(anonymous_116)
FN:1873,(anonymous_117)
FN:1874,(anonymous_118)
FN:1876,(anonymous_119)
FN:1900,(anonymous_120)
FN:1914,(anonymous_121)
FN:1936,(anonymous_122)
FN:1938,(anonymous_123)
FN:1944,(anonymous_124)
FNF:125
FNH:0
FNDA:0,setNested
FNDA:0,(anonymous_1)
FNDA:0,flattenObject
FNDA:0,(anonymous_3)
FNDA:0,buildPayloadDynamic
FNDA:0,(anonymous_5)
FNDA:0,(anonymous_6)
FNDA:0,(anonymous_7)
FNDA:0,(anonymous_8)
FNDA:0,(anonymous_9)
FNDA:0,(anonymous_10)
FNDA:0,(anonymous_11)
FNDA:0,(anonymous_12)
FNDA:0,(anonymous_13)
FNDA:0,(anonymous_14)
FNDA:0,(anonymous_15)
FNDA:0,(anonymous_16)
FNDA:0,(anonymous_17)
FNDA:0,(anonymous_18)
FNDA:0,(anonymous_19)
FNDA:0,(anonymous_20)
FNDA:0,(anonymous_21)
FNDA:0,(anonymous_22)
FNDA:0,(anonymous_23)
FNDA:0,(anonymous_24)
FNDA:0,(anonymous_25)
FNDA:0,(anonymous_26)
FNDA:0,(anonymous_27)
FNDA:0,(anonymous_28)
FNDA:0,(anonymous_29)
FNDA:0,(anonymous_30)
FNDA:0,(anonymous_31)
FNDA:0,(anonymous_32)
FNDA:0,(anonymous_33)
FNDA:0,(anonymous_34)
FNDA:0,(anonymous_35)
FNDA:0,(anonymous_36)
FNDA:0,(anonymous_37)
FNDA:0,(anonymous_38)
FNDA:0,(anonymous_39)
FNDA:0,(anonymous_40)
FNDA:0,(anonymous_41)
FNDA:0,(anonymous_42)
FNDA:0,(anonymous_43)
FNDA:0,(anonymous_44)
FNDA:0,(anonymous_45)
FNDA:0,(anonymous_46)
FNDA:0,(anonymous_47)
FNDA:0,(anonymous_48)
FNDA:0,(anonymous_49)
FNDA:0,(anonymous_50)
FNDA:0,(anonymous_51)
FNDA:0,(anonymous_52)
FNDA:0,(anonymous_53)
FNDA:0,(anonymous_54)
FNDA:0,(anonymous_55)
FNDA:0,(anonymous_56)
FNDA:0,(anonymous_57)
FNDA:0,(anonymous_58)
FNDA:0,(anonymous_59)
FNDA:0,(anonymous_60)
FNDA:0,(anonymous_61)
FNDA:0,(anonymous_62)
FNDA:0,(anonymous_63)
FNDA:0,(anonymous_64)
FNDA:0,(anonymous_65)
FNDA:0,(anonymous_66)
FNDA:0,(anonymous_67)
FNDA:0,(anonymous_68)
FNDA:0,(anonymous_69)
FNDA:0,(anonymous_70)
FNDA:0,(anonymous_71)
FNDA:0,(anonymous_72)
FNDA:0,(anonymous_73)
FNDA:0,(anonymous_74)
FNDA:0,(anonymous_75)
FNDA:0,(anonymous_76)
FNDA:0,(anonymous_77)
FNDA:0,(anonymous_78)
FNDA:0,(anonymous_79)
FNDA:0,(anonymous_80)
FNDA:0,(anonymous_81)
FNDA:0,(anonymous_82)
FNDA:0,(anonymous_83)
FNDA:0,(anonymous_84)
FNDA:0,(anonymous_85)
FNDA:0,(anonymous_86)
FNDA:0,(anonymous_87)
FNDA:0,(anonymous_88)
FNDA:0,(anonymous_89)
FNDA:0,(anonymous_90)
FNDA:0,(anonymous_91)
FNDA:0,(anonymous_92)
FNDA:0,(anonymous_93)
FNDA:0,(anonymous_94)
FNDA:0,(anonymous_95)
FNDA:0,(anonymous_96)
FNDA:0,(anonymous_97)
FNDA:0,(anonymous_98)
FNDA:0,(anonymous_99)
FNDA:0,(anonymous_100)
FNDA:0,(anonymous_101)
FNDA:0,(anonymous_102)
FNDA:0,(anonymous_103)
FNDA:0,(anonymous_104)
FNDA:0,(anonymous_105)
FNDA:0,(anonymous_106)
FNDA:0,(anonymous_107)
FNDA:0,(anonymous_108)
FNDA:0,(anonymous_109)
FNDA:0,(anonymous_110)
FNDA:0,(anonymous_111)
FNDA:0,(anonymous_112)
FNDA:0,(anonymous_113)
FNDA:0,(anonymous_114)
FNDA:0,(anonymous_115)
FNDA:0,(anonymous_116)
FNDA:0,(anonymous_117)
FNDA:0,(anonymous_118)
FNDA:0,(anonymous_119)
FNDA:0,(anonymous_120)
FNDA:0,(anonymous_121)
FNDA:0,(anonymous_122)
FNDA:0,(anonymous_123)
FNDA:0,(anonymous_124)
DA:36,0
DA:42,0
DA:48,0
DA:52,0
DA:53,0
DA:55,0
DA:56,0
DA:57,0
DA:59,0
DA:60,0
DA:63,0
DA:74,0
DA:75,0
DA:76,0
DA:81,0
DA:83,0
DA:86,0
DA:90,0
DA:91,0
DA:102,0
DA:105,0
DA:106,0
DA:107,0
DA:108,0
DA:109,0
DA:111,0
DA:116,0
DA:117,0
DA:118,0
DA:119,0
DA:120,0
DA:121,0
DA:122,0
DA:123,0
DA:124,0
DA:125,0
DA:126,0
DA:131,0
DA:132,0
DA:133,0
DA:134,0
DA:140,0
DA:141,0
DA:146,0
DA:147,0
DA:148,0
DA:153,0
DA:158,0
DA:163,0
DA:164,0
DA:165,0
DA:166,0
DA:171,0
DA:180,0
DA:189,0
DA:194,0
DA:202,0
DA:205,0
DA:207,0
DA:209,0
DA:211,0
DA:212,0
DA:213,0
DA:214,0
DA:215,0
DA:216,0
DA:217,0
DA:218,0
DA:219,0
DA:220,0
DA:221,0
DA:222,0
DA:223,0
DA:224,0
DA:225,0
DA:227,0
DA:228,0
DA:229,0
DA:230,0
DA:231,0
DA:232,0
DA:233,0
DA:234,0
DA:235,0
DA:236,0
DA:237,0
DA:238,0
DA:239,0
DA:243,0
DA:245,0
DA:246,0
DA:247,0
DA:248,0
DA:249,0
DA:253,0
DA:254,0
DA:255,0
DA:256,0
DA:257,0
DA:258,0
DA:259,0
DA:260,0
DA:261,0
DA:264,0
DA:265,0
DA:266,0
DA:267,0
DA:268,0
DA:269,0
DA:270,0
DA:271,0
DA:272,0
DA:275,0
DA:276,0
DA:277,0
DA:278,0
DA:279,0
DA:280,0
DA:281,0
DA:282,0
DA:284,0
DA:286,0
DA:288,0
DA:293,0
DA:297,0
DA:305,0
DA:310,0
DA:317,0
DA:318,0
DA:325,0
DA:326,0
DA:327,0
DA:332,0
DA:335,0
DA:336,0
DA:339,0
DA:344,0
DA:346,0
DA:350,0
DA:352,0
DA:353,0
DA:355,0
DA:362,0
DA:366,0
DA:367,0
DA:368,0
DA:369,0
DA:370,0
DA:371,0
DA:373,0
DA:379,0
DA:380,0
DA:382,0
DA:383,0
DA:385,0
DA:386,0
DA:387,0
DA:389,0
DA:390,0
DA:391,0
DA:392,0
DA:394,0
DA:395,0
DA:396,0
DA:399,0
DA:405,0
DA:406,0
DA:409,0
DA:410,0
DA:411,0
DA:412,0
DA:413,0
DA:414,0
DA:416,0
DA:417,0
DA:419,0
DA:420,0
DA:422,0
DA:423,0
DA:425,0
DA:426,0
DA:428,0
DA:429,0
DA:431,0
DA:432,0
DA:435,0
DA:438,0
DA:441,0
DA:442,0
DA:443,0
DA:445,0
DA:446,0
DA:447,0
DA:448,0
DA:449,0
DA:450,0
DA:451,0
DA:455,0
DA:484,0
DA:487,0
DA:489,0
DA:491,0
DA:492,0
DA:494,0
DA:497,0
DA:498,0
DA:499,0
DA:504,0
DA:505,0
DA:507,0
DA:512,0
DA:513,0
DA:517,0
DA:519,0
DA:523,0
DA:524,0
DA:526,0
DA:530,0
DA:532,0
DA:540,0
DA:542,0
DA:543,0
DA:549,0
DA:550,0
DA:552,0
DA:553,0
DA:555,0
DA:562,0
DA:564,0
DA:567,0
DA:571,0
DA:573,0
DA:579,0
DA:584,0
DA:586,0
DA:590,0
DA:602,0
DA:632,0
DA:653,0
DA:678,0
DA:692,0
DA:709,0
DA:746,0
DA:759,0
DA:777,0
DA:791,0
DA:806,0
DA:820,0
DA:840,0
DA:857,0
DA:873,0
DA:890,0
DA:904,0
DA:954,0
DA:956,0
DA:957,0
DA:958,0
DA:959,0
DA:960,0
DA:961,0
DA:962,0
DA:963,0
DA:964,0
DA:965,0
DA:966,0
DA:967,0
DA:969,0
DA:970,0
DA:971,0
DA:972,0
DA:976,0
DA:977,0
DA:979,0
DA:980,0
DA:981,0
DA:983,0
DA:984,0
DA:1002,0
DA:1022,0
DA:1035,0
DA:1132,0
DA:1160,0
DA:1161,0
DA:1197,0
DA:1199,0
DA:1206,0
DA:1207,0
DA:1209,0
DA:1211,0
DA:1216,0
DA:1217,0
DA:1219,0
DA:1222,0
DA:1229,0
DA:1231,0
DA:1232,0
DA:1239,0
DA:1240,0
DA:1250,0
DA:1289,0
DA:1303,0
DA:1318,0
DA:1343,0
DA:1356,0
DA:1370,0
DA:1389,0
DA:1402,0
DA:1438,0
DA:1439,0
DA:1440,0
DA:1459,0
DA:1460,0
DA:1461,0
DA:1480,0
DA:1481,0
DA:1482,0
DA:1500,0
DA:1501,0
DA:1502,0
DA:1520,0
DA:1521,0
DA:1522,0
DA:1557,0
DA:1558,0
DA:1559,0
DA:1577,0
DA:1578,0
DA:1579,0
DA:1597,0
DA:1598,0
DA:1599,0
DA:1634,0
DA:1635,0
DA:1636,0
DA:1654,0
DA:1655,0
DA:1656,0
DA:1690,0
DA:1691,0
DA:1692,0
DA:1710,0
DA:1711,0
DA:1712,0
DA:1730,0
DA:1731,0
DA:1732,0
DA:1752,0
DA:1753,0
DA:1754,0
DA:1771,0
DA:1772,0
DA:1773,0
DA:1790,0
DA:1791,0
DA:1792,0
DA:1834,0
DA:1835,0
DA:1836,0
DA:1854,0
DA:1855,0
DA:1856,0
DA:1874,0
DA:1875,0
DA:1876,0
DA:1900,0
DA:1914,0
DA:1937,0
DA:1939,0
DA:1945,0
DA:1947,0
LF:370
LH:0
BRDA:56,0,0,0
BRDA:56,0,1,0
BRDA:59,1,0,0
BRDA:59,1,1,0
BRDA:59,2,0,0
BRDA:59,2,1,0
BRDA:71,3,0,0
BRDA:72,4,0,0
BRDA:75,5,0,0
BRDA:75,5,1,0
BRDA:76,6,0,0
BRDA:76,6,1,0
BRDA:77,7,0,0
BRDA:77,7,1,0
BRDA:77,7,2,0
BRDA:105,8,0,0
BRDA:105,8,1,0
BRDA:106,9,0,0
BRDA:106,9,1,0
BRDA:107,10,0,0
BRDA:107,10,1,0
BRDA:108,11,0,0
BRDA:108,11,1,0
BRDA:114,12,0,0
BRDA:114,12,1,0
BRDA:117,13,0,0
BRDA:117,13,1,0
BRDA:120,14,0,0
BRDA:120,14,1,0
BRDA:123,15,0,0
BRDA:123,15,1,0
BRDA:125,16,0,0
BRDA:125,16,1,0
BRDA:144,17,0,0
BRDA:144,17,1,0
BRDA:146,18,0,0
BRDA:146,18,1,0
BRDA:147,19,0,0
BRDA:147,19,1,0
BRDA:151,20,0,0
BRDA:151,20,1,0
BRDA:156,21,0,0
BRDA:156,21,1,0
BRDA:254,22,0,0
BRDA:254,22,1,0
BRDA:254,23,0,0
BRDA:254,23,1,0
BRDA:255,24,0,0
BRDA:255,24,1,0
BRDA:256,25,0,0
BRDA:256,25,1,0
BRDA:257,26,0,0
BRDA:257,26,1,0
BRDA:258,27,0,0
BRDA:258,27,1,0
BRDA:259,28,0,0
BRDA:259,28,1,0
BRDA:260,29,0,0
BRDA:260,29,1,0
BRDA:261,30,0,0
BRDA:261,30,1,0
BRDA:264,31,0,0
BRDA:264,31,1,0
BRDA:265,32,0,0
BRDA:265,32,1,0
BRDA:266,33,0,0
BRDA:266,33,1,0
BRDA:267,34,0,0
BRDA:267,34,1,0
BRDA:268,35,0,0
BRDA:268,35,1,0
BRDA:269,36,0,0
BRDA:269,36,1,0
BRDA:270,37,0,0
BRDA:270,37,1,0
BRDA:271,38,0,0
BRDA:271,38,1,0
BRDA:272,39,0,0
BRDA:272,39,1,0
BRDA:276,40,0,0
BRDA:276,40,1,0
BRDA:277,41,0,0
BRDA:277,41,1,0
BRDA:279,42,0,0
BRDA:279,42,1,0
BRDA:281,43,0,0
BRDA:281,43,1,0
BRDA:286,44,0,0
BRDA:286,44,1,0
BRDA:289,45,0,0
BRDA:289,45,1,0
BRDA:290,46,0,0
BRDA:290,46,1,0
BRDA:293,47,0,0
BRDA:293,47,1,0
BRDA:294,48,0,0
BRDA:294,48,1,0
BRDA:312,49,0,0
BRDA:312,49,1,0
BRDA:339,50,0,0
BRDA:339,50,1,0
BRDA:340,51,0,0
BRDA:340,51,1,0
BRDA:340,51,2,0
BRDA:370,52,0,0
BRDA:370,52,1,0
BRDA:370,53,0,0
BRDA:370,53,1,0
BRDA:370,53,2,0
BRDA:380,54,0,0
BRDA:380,54,1,0
BRDA:409,55,0,0
BRDA:409,55,1,0
BRDA:410,56,0,0
BRDA:410,56,1,0
BRDA:411,57,0,0
BRDA:411,57,1,0
BRDA:412,58,0,0
BRDA:412,58,1,0
BRDA:414,59,0,0
BRDA:414,59,1,0
BRDA:416,60,0,0
BRDA:416,60,1,0
BRDA:419,61,0,0
BRDA:419,61,1,0
BRDA:419,62,0,0
BRDA:419,62,1,0
BRDA:422,63,0,0
BRDA:422,63,1,0
BRDA:422,64,0,0
BRDA:422,64,1,0
BRDA:425,65,0,0
BRDA:425,65,1,0
BRDA:425,66,0,0
BRDA:425,66,1,0
BRDA:428,67,0,0
BRDA:428,67,1,0
BRDA:428,68,0,0
BRDA:428,68,1,0
BRDA:431,69,0,0
BRDA:431,69,1,0
BRDA:448,70,0,0
BRDA:448,70,1,0
BRDA:498,71,0,0
BRDA:498,71,1,0
BRDA:499,72,0,0
BRDA:499,72,1,0
BRDA:504,73,0,0
BRDA:504,73,1,0
BRDA:517,74,0,0
BRDA:517,74,1,0
BRDA:526,75,0,0
BRDA:526,75,1,0
BRDA:530,76,0,0
BRDA:530,76,1,0
BRDA:535,77,0,0
BRDA:535,77,1,0
BRDA:544,78,0,0
BRDA:544,78,1,0
BRDA:552,79,0,0
BRDA:552,79,1,0
BRDA:564,80,0,0
BRDA:564,80,1,0
BRDA:567,81,0,0
BRDA:567,81,1,0
BRDA:567,81,2,0
BRDA:567,81,3,0
BRDA:575,82,0,0
BRDA:575,82,1,0
BRDA:590,83,0,0
BRDA:590,83,1,0
BRDA:590,83,2,0
BRDA:590,83,3,0
BRDA:590,83,4,0
BRDA:590,83,5,0
BRDA:590,83,6,0
BRDA:590,83,7,0
BRDA:590,83,8,0
BRDA:590,83,9,0
BRDA:590,83,10,0
BRDA:620,84,0,0
BRDA:620,84,1,0
BRDA:758,85,0,0
BRDA:758,85,1,0
BRDA:764,86,0,0
BRDA:764,86,1,0
BRDA:789,87,0,0
BRDA:789,87,1,0
BRDA:827,88,0,0
BRDA:827,88,1,0
BRDA:855,89,0,0
BRDA:855,89,1,0
BRDA:879,90,0,0
BRDA:879,90,1,0
BRDA:902,91,0,0
BRDA:902,91,1,0
BRDA:924,92,0,0
BRDA:924,92,1,0
BRDA:927,93,0,0
BRDA:927,93,1,0
BRDA:931,94,0,0
BRDA:931,94,1,0
BRDA:952,95,0,0
BRDA:952,95,1,0
BRDA:956,96,0,0
BRDA:956,96,1,0
BRDA:961,97,0,0
BRDA:961,97,1,0
BRDA:963,98,0,0
BRDA:963,98,1,0
BRDA:963,99,0,0
BRDA:963,99,1,0
BRDA:969,100,0,0
BRDA:969,100,1,0
BRDA:969,101,0,0
BRDA:969,101,1,0
BRDA:976,102,0,0
BRDA:976,102,1,0
BRDA:1058,103,0,0
BRDA:1058,103,1,0
BRDA:1074,104,0,0
BRDA:1074,104,1,0
BRDA:1092,105,0,0
BRDA:1092,105,1,0
BRDA:1107,106,0,0
BRDA:1107,106,1,0
BRDA:1127,107,0,0
BRDA:1127,107,1,0
BRDA:1178,108,0,0
BRDA:1178,108,1,0
BRDA:1184,109,0,0
BRDA:1184,109,1,0
BRDA:1184,110,0,0
BRDA:1184,110,1,0
BRDA:1186,111,0,0
BRDA:1186,111,1,0
BRDA:1197,112,0,0
BRDA:1197,112,1,0
BRDA:1216,113,0,0
BRDA:1216,113,1,0
BRDA:1229,114,0,0
BRDA:1229,114,1,0
BRDA:1231,115,0,0
BRDA:1231,115,1,0
BRDA:1234,116,0,0
BRDA:1234,116,1,0
BRDA:1260,117,0,0
BRDA:1260,117,1,0
BRDA:1342,118,0,0
BRDA:1342,118,1,0
BRDA:1388,119,0,0
BRDA:1388,119,1,0
BRDA:1401,120,0,0
BRDA:1401,120,1,0
BRDA:1439,121,0,0
BRDA:1439,121,1,0
BRDA:1460,122,0,0
BRDA:1460,122,1,0
BRDA:1481,123,0,0
BRDA:1481,123,1,0
BRDA:1501,124,0,0
BRDA:1501,124,1,0
BRDA:1521,125,0,0
BRDA:1521,125,1,0
BRDA:1558,126,0,0
BRDA:1558,126,1,0
BRDA:1578,127,0,0
BRDA:1578,127,1,0
BRDA:1598,128,0,0
BRDA:1598,128,1,0
BRDA:1635,129,0,0
BRDA:1635,129,1,0
BRDA:1655,130,0,0
BRDA:1655,130,1,0
BRDA:1691,131,0,0
BRDA:1691,131,1,0
BRDA:1711,132,0,0
BRDA:1711,132,1,0
BRDA:1731,133,0,0
BRDA:1731,133,1,0
BRDA:1753,134,0,0
BRDA:1753,134,1,0
BRDA:1772,135,0,0
BRDA:1772,135,1,0
BRDA:1791,136,0,0
BRDA:1791,136,1,0
BRDA:1811,137,0,0
BRDA:1811,137,1,0
BRDA:1835,138,0,0
BRDA:1835,138,1,0
BRDA:1855,139,0,0
BRDA:1855,139,1,0
BRDA:1875,140,0,0
BRDA:1875,140,1,0
BRDA:1974,141,0,0
BRDA:1974,141,1,0
BRDA:1983,142,0,0
BRDA:1983,142,1,0
BRDA:1985,143,0,0
BRDA:1985,143,1,0
BRDA:1990,144,0,0
BRDA:1990,144,1,0
BRF:302
BRH:0
end_of_record
TN:
SF:src\components\Properties\createProperties\Commercial\createCommercial.tsx
FN:59,setNested
FN:63,(anonymous_1)
FN:77,flattenObject
FN:98,(anonymous_3)
FN:107,buildPayloadDynamic
FN:201,(anonymous_5)
FN:223,(anonymous_6)
FN:250,(anonymous_7)
FN:255,(anonymous_8)
FN:284,(anonymous_9)
FN:292,(anonymous_10)
FN:309,(anonymous_11)
FN:310,(anonymous_12)
FN:310,(anonymous_13)
FN:359,(anonymous_14)
FN:395,(anonymous_15)
FN:429,(anonymous_16)
FN:468,(anonymous_17)
FN:478,(anonymous_18)
FN:506,(anonymous_19)
FN:561,(anonymous_20)
FN:592,(anonymous_21)
FN:600,(anonymous_22)
FN:642,(anonymous_23)
FN:645,(anonymous_24)
FN:675,(anonymous_25)
FN:719,(anonymous_26)
FN:740,(anonymous_27)
FN:765,(anonymous_28)
FN:779,(anonymous_29)
FN:796,(anonymous_30)
FN:835,(anonymous_31)
FN:860,(anonymous_32)
FN:881,(anonymous_33)
FN:897,(anonymous_34)
FN:919,(anonymous_35)
FN:933,(anonymous_36)
FN:953,(anonymous_37)
FN:969,(anonymous_38)
FN:987,(anonymous_39)
FN:1006,(anonymous_40)
FN:1022,(anonymous_41)
FN:1066,(anonymous_42)
FN:1067,(anonymous_43)
FN:1093,(anonymous_44)
FN:1113,(anonymous_45)
FN:1126,(anonymous_46)
FN:1220,(anonymous_47)
FN:1223,(anonymous_48)
FN:1238,(anonymous_49)
FN:1269,(anonymous_50)
FN:1284,(anonymous_51)
FN:1313,(anonymous_52)
FN:1318,(anonymous_53)
FN:1334,(anonymous_54)
FN:1359,(anonymous_55)
FN:1391,(anonymous_56)
FN:1415,(anonymous_57)
FN:1430,(anonymous_58)
FN:1444,(anonymous_59)
FN:1472,(anonymous_60)
FN:1492,(anonymous_61)
FN:1509,(anonymous_62)
FN:1524,(anonymous_63)
FN:1541,(anonymous_64)
FN:1556,(anonymous_65)
FN:1589,(anonymous_66)
FN:1590,(anonymous_67)
FN:1592,(anonymous_68)
FN:1609,(anonymous_69)
FN:1610,(anonymous_70)
FN:1612,(anonymous_71)
FN:1629,(anonymous_72)
FN:1630,(anonymous_73)
FN:1632,(anonymous_74)
FN:1656,(anonymous_75)
FN:1670,(anonymous_76)
FN:1692,(anonymous_77)
FN:1694,(anonymous_78)
FN:1700,(anonymous_79)
FNF:80
FNH:0
FNDA:0,setNested
FNDA:0,(anonymous_1)
FNDA:0,flattenObject
FNDA:0,(anonymous_3)
FNDA:0,buildPayloadDynamic
FNDA:0,(anonymous_5)
FNDA:0,(anonymous_6)
FNDA:0,(anonymous_7)
FNDA:0,(anonymous_8)
FNDA:0,(anonymous_9)
FNDA:0,(anonymous_10)
FNDA:0,(anonymous_11)
FNDA:0,(anonymous_12)
FNDA:0,(anonymous_13)
FNDA:0,(anonymous_14)
FNDA:0,(anonymous_15)
FNDA:0,(anonymous_16)
FNDA:0,(anonymous_17)
FNDA:0,(anonymous_18)
FNDA:0,(anonymous_19)
FNDA:0,(anonymous_20)
FNDA:0,(anonymous_21)
FNDA:0,(anonymous_22)
FNDA:0,(anonymous_23)
FNDA:0,(anonymous_24)
FNDA:0,(anonymous_25)
FNDA:0,(anonymous_26)
FNDA:0,(anonymous_27)
FNDA:0,(anonymous_28)
FNDA:0,(anonymous_29)
FNDA:0,(anonymous_30)
FNDA:0,(anonymous_31)
FNDA:0,(anonymous_32)
FNDA:0,(anonymous_33)
FNDA:0,(anonymous_34)
FNDA:0,(anonymous_35)
FNDA:0,(anonymous_36)
FNDA:0,(anonymous_37)
FNDA:0,(anonymous_38)
FNDA:0,(anonymous_39)
FNDA:0,(anonymous_40)
FNDA:0,(anonymous_41)
FNDA:0,(anonymous_42)
FNDA:0,(anonymous_43)
FNDA:0,(anonymous_44)
FNDA:0,(anonymous_45)
FNDA:0,(anonymous_46)
FNDA:0,(anonymous_47)
FNDA:0,(anonymous_48)
FNDA:0,(anonymous_49)
FNDA:0,(anonymous_50)
FNDA:0,(anonymous_51)
FNDA:0,(anonymous_52)
FNDA:0,(anonymous_53)
FNDA:0,(anonymous_54)
FNDA:0,(anonymous_55)
FNDA:0,(anonymous_56)
FNDA:0,(anonymous_57)
FNDA:0,(anonymous_58)
FNDA:0,(anonymous_59)
FNDA:0,(anonymous_60)
FNDA:0,(anonymous_61)
FNDA:0,(anonymous_62)
FNDA:0,(anonymous_63)
FNDA:0,(anonymous_64)
FNDA:0,(anonymous_65)
FNDA:0,(anonymous_66)
FNDA:0,(anonymous_67)
FNDA:0,(anonymous_68)
FNDA:0,(anonymous_69)
FNDA:0,(anonymous_70)
FNDA:0,(anonymous_71)
FNDA:0,(anonymous_72)
FNDA:0,(anonymous_73)
FNDA:0,(anonymous_74)
FNDA:0,(anonymous_75)
FNDA:0,(anonymous_76)
FNDA:0,(anonymous_77)
FNDA:0,(anonymous_78)
FNDA:0,(anonymous_79)
DA:44,0
DA:50,0
DA:56,0
DA:60,0
DA:61,0
DA:63,0
DA:64,0
DA:65,0
DA:67,0
DA:68,0
DA:71,0
DA:82,0
DA:83,0
DA:84,0
DA:89,0
DA:91,0
DA:94,0
DA:98,0
DA:99,0
DA:110,0
DA:113,0
DA:114,0
DA:115,0
DA:116,0
DA:117,0
DA:120,0
DA:121,0
DA:122,0
DA:123,0
DA:126,0
DA:127,0
DA:132,0
DA:133,0
DA:138,0
DA:139,0
DA:140,0
DA:145,0
DA:146,0
DA:147,0
DA:148,0
DA:153,0
DA:156,0
DA:157,0
DA:158,0
DA:163,0
DA:164,0
DA:171,0
DA:172,0
DA:173,0
DA:176,0
DA:177,0
DA:184,0
DA:185,0
DA:192,0
DA:193,0
DA:194,0
DA:195,0
DA:196,0
DA:198,0
DA:201,0
DA:205,0
DA:206,0
DA:207,0
DA:208,0
DA:209,0
DA:214,0
DA:215,0
DA:216,0
DA:217,0
DA:218,0
DA:219,0
DA:220,0
DA:223,0
DA:224,0
DA:225,0
DA:227,0
DA:229,0
DA:231,0
DA:232,0
DA:233,0
DA:236,0
DA:237,0
DA:238,0
DA:239,0
DA:242,0
DA:243,0
DA:244,0
DA:245,0
DA:246,0
DA:250,0
DA:251,0
DA:255,0
DA:256,0
DA:258,0
DA:259,0
DA:260,0
DA:262,0
DA:263,0
DA:265,0
DA:266,0
DA:267,0
DA:268,0
DA:270,0
DA:271,0
DA:272,0
DA:284,0
DA:285,0
DA:287,0
DA:290,0
DA:292,0
DA:298,0
DA:299,0
DA:300,0
DA:301,0
DA:302,0
DA:303,0
DA:309,0
DA:310,0
DA:316,0
DA:317,0
DA:319,0
DA:320,0
DA:321,0
DA:322,0
DA:323,0
DA:324,0
DA:325,0
DA:326,0
DA:327,0
DA:328,0
DA:329,0
DA:330,0
DA:331,0
DA:332,0
DA:333,0
DA:334,0
DA:335,0
DA:336,0
DA:337,0
DA:338,0
DA:339,0
DA:340,0
DA:342,0
DA:343,0
DA:344,0
DA:345,0
DA:346,0
DA:347,0
DA:348,0
DA:349,0
DA:351,0
DA:352,0
DA:353,0
DA:354,0
DA:355,0
DA:356,0
DA:359,0
DA:360,0
DA:361,0
DA:362,0
DA:363,0
DA:364,0
DA:365,0
DA:366,0
DA:367,0
DA:368,0
DA:369,0
DA:370,0
DA:372,0
DA:373,0
DA:376,0
DA:377,0
DA:378,0
DA:379,0
DA:380,0
DA:381,0
DA:382,0
DA:383,0
DA:384,0
DA:387,0
DA:388,0
DA:389,0
DA:390,0
DA:391,0
DA:393,0
DA:395,0
DA:396,0
DA:400,0
DA:401,0
DA:402,0
DA:403,0
DA:404,0
DA:405,0
DA:406,0
DA:408,0
DA:409,0
DA:418,0
DA:423,0
DA:429,0
DA:430,0
DA:436,0
DA:437,0
DA:438,0
DA:439,0
DA:442,0
DA:443,0
DA:444,0
DA:446,0
DA:453,0
DA:455,0
DA:458,0
DA:460,0
DA:463,0
DA:468,0
DA:469,0
DA:470,0
DA:471,0
DA:472,0
DA:473,0
DA:478,0
DA:479,0
DA:482,0
DA:483,0
DA:484,0
DA:485,0
DA:486,0
DA:487,0
DA:489,0
DA:490,0
DA:500,0
DA:503,0
DA:506,0
DA:507,0
DA:508,0
DA:510,0
DA:511,0
DA:512,0
DA:514,0
DA:515,0
DA:516,0
DA:517,0
DA:521,0
DA:561,0
DA:585,0
DA:588,0
DA:590,0
DA:592,0
DA:593,0
DA:594,0
DA:597,0
DA:600,0
DA:601,0
DA:603,0
DA:608,0
DA:609,0
DA:611,0
DA:619,0
DA:621,0
DA:625,0
DA:626,0
DA:627,0
DA:631,0
DA:633,0
DA:640,0
DA:642,0
DA:643,0
DA:645,0
DA:646,0
DA:648,0
DA:649,0
DA:651,0
DA:658,0
DA:661,0
DA:665,0
DA:667,0
DA:670,0
DA:675,0
DA:676,0
DA:680,0
DA:689,0
DA:719,0
DA:740,0
DA:765,0
DA:779,0
DA:796,0
DA:836,0
DA:861,0
DA:882,0
DA:898,0
DA:919,0
DA:933,0
DA:954,0
DA:970,0
DA:987,0
DA:1007,0
DA:1023,0
DA:1066,0
DA:1068,0
DA:1069,0
DA:1070,0
DA:1071,0
DA:1073,0
DA:1074,0
DA:1075,0
DA:1076,0
DA:1077,0
DA:1078,0
DA:1079,0
DA:1093,0
DA:1113,0
DA:1126,0
DA:1221,0
DA:1223,0
DA:1238,0
DA:1269,0
DA:1284,0
DA:1313,0
DA:1318,0
DA:1334,0
DA:1359,0
DA:1391,0
DA:1416,0
DA:1430,0
DA:1444,0
DA:1473,0
DA:1493,0
DA:1509,0
DA:1525,0
DA:1541,0
DA:1557,0
DA:1590,0
DA:1591,0
DA:1592,0
DA:1610,0
DA:1611,0
DA:1612,0
DA:1630,0
DA:1631,0
DA:1632,0
DA:1656,0
DA:1670,0
DA:1693,0
DA:1695,0
DA:1701,0
DA:1703,0
LF:345
LH:0
BRDA:64,0,0,0
BRDA:64,0,1,0
BRDA:67,1,0,0
BRDA:67,1,1,0
BRDA:67,2,0,0
BRDA:67,2,1,0
BRDA:79,3,0,0
BRDA:80,4,0,0
BRDA:83,5,0,0
BRDA:83,5,1,0
BRDA:84,6,0,0
BRDA:84,6,1,0
BRDA:85,7,0,0
BRDA:85,7,1,0
BRDA:85,7,2,0
BRDA:116,8,0,0
BRDA:116,8,1,0
BRDA:126,9,0,0
BRDA:126,9,1,0
BRDA:130,10,0,0
BRDA:130,10,1,0
BRDA:136,11,0,0
BRDA:136,11,1,0
BRDA:139,12,0,0
BRDA:139,12,1,0
BRDA:143,13,0,0
BRDA:143,13,1,0
BRDA:147,14,0,0
BRDA:147,14,1,0
BRDA:151,15,0,0
BRDA:151,15,1,0
BRDA:157,16,0,0
BRDA:157,16,1,0
BRDA:163,17,0,0
BRDA:163,17,1,0
BRDA:176,18,0,0
BRDA:176,18,1,0
BRDA:177,19,0,0
BRDA:177,19,1,0
BRDA:196,20,0,0
BRDA:196,20,1,0
BRDA:225,21,0,0
BRDA:225,21,1,0
BRDA:229,22,0,0
BRDA:229,22,1,0
BRDA:236,23,0,0
BRDA:236,23,1,0
BRDA:256,24,0,0
BRDA:256,24,1,0
BRDA:256,25,0,0
BRDA:256,25,1,0
BRDA:256,25,2,0
BRDA:270,26,0,0
BRDA:270,26,1,0
BRDA:285,27,0,0
BRDA:285,27,1,0
BRDA:360,28,0,0
BRDA:360,28,1,0
BRDA:360,29,0,0
BRDA:360,29,1,0
BRDA:361,30,0,0
BRDA:361,30,1,0
BRDA:362,31,0,0
BRDA:362,31,1,0
BRDA:363,32,0,0
BRDA:363,32,1,0
BRDA:364,33,0,0
BRDA:364,33,1,0
BRDA:365,34,0,0
BRDA:365,34,1,0
BRDA:366,35,0,0
BRDA:366,35,1,0
BRDA:367,36,0,0
BRDA:367,36,1,0
BRDA:368,37,0,0
BRDA:368,37,1,0
BRDA:369,38,0,0
BRDA:369,38,1,0
BRDA:370,39,0,0
BRDA:370,39,1,0
BRDA:376,40,0,0
BRDA:376,40,1,0
BRDA:377,41,0,0
BRDA:377,41,1,0
BRDA:378,42,0,0
BRDA:378,42,1,0
BRDA:379,43,0,0
BRDA:379,43,1,0
BRDA:380,44,0,0
BRDA:380,44,1,0
BRDA:381,45,0,0
BRDA:381,45,1,0
BRDA:382,46,0,0
BRDA:382,46,1,0
BRDA:383,47,0,0
BRDA:383,47,1,0
BRDA:384,48,0,0
BRDA:384,48,1,0
BRDA:388,49,0,0
BRDA:388,49,1,0
BRDA:389,50,0,0
BRDA:389,50,1,0
BRDA:390,51,0,0
BRDA:390,51,1,0
BRDA:391,52,0,0
BRDA:391,52,1,0
BRDA:395,53,0,0
BRDA:395,53,1,0
BRDA:397,54,0,0
BRDA:397,54,1,0
BRDA:398,55,0,0
BRDA:398,55,1,0
BRDA:400,56,0,0
BRDA:400,56,1,0
BRDA:401,57,0,0
BRDA:401,57,1,0
BRDA:402,58,0,0
BRDA:402,58,1,0
BRDA:403,59,0,0
BRDA:403,59,1,0
BRDA:404,60,0,0
BRDA:404,60,1,0
BRDA:405,61,0,0
BRDA:405,61,1,0
BRDA:406,62,0,0
BRDA:406,62,1,0
BRDA:408,63,0,0
BRDA:408,63,1,0
BRDA:408,64,0,0
BRDA:408,64,1,0
BRDA:425,65,0,0
BRDA:425,65,1,0
BRDA:444,66,0,0
BRDA:444,66,1,0
BRDA:444,67,0,0
BRDA:444,67,1,0
BRDA:469,68,0,0
BRDA:469,68,1,0
BRDA:482,69,0,0
BRDA:482,69,1,0
BRDA:483,70,0,0
BRDA:483,70,1,0
BRDA:484,71,0,0
BRDA:484,71,1,0
BRDA:485,72,0,0
BRDA:485,72,1,0
BRDA:487,73,0,0
BRDA:487,73,1,0
BRDA:489,74,0,0
BRDA:489,74,1,0
BRDA:514,75,0,0
BRDA:514,75,1,0
BRDA:537,76,0,0
BRDA:537,76,1,0
BRDA:539,77,0,0
BRDA:539,77,1,0
BRDA:543,78,0,0
BRDA:543,78,1,0
BRDA:548,79,0,0
BRDA:548,79,1,0
BRDA:563,80,0,0
BRDA:563,80,1,0
BRDA:564,81,0,0
BRDA:564,81,1,0
BRDA:581,82,0,0
BRDA:581,82,1,0
BRDA:593,83,0,0
BRDA:593,83,1,0
BRDA:601,84,0,0
BRDA:601,84,1,0
BRDA:603,85,0,0
BRDA:603,85,1,0
BRDA:608,86,0,0
BRDA:608,86,1,0
BRDA:619,87,0,0
BRDA:619,87,1,0
BRDA:627,88,0,0
BRDA:627,88,1,0
BRDA:631,89,0,0
BRDA:631,89,1,0
BRDA:636,90,0,0
BRDA:636,90,1,0
BRDA:643,91,0,0
BRDA:643,91,1,0
BRDA:648,92,0,0
BRDA:648,92,1,0
BRDA:661,93,0,0
BRDA:661,93,1,0
BRDA:661,93,2,0
BRDA:661,93,3,0
BRDA:667,94,0,0
BRDA:667,94,1,0
BRDA:680,95,0,0
BRDA:680,95,1,0
BRDA:680,95,2,0
BRDA:680,95,3,0
BRDA:680,95,4,0
BRDA:680,95,5,0
BRDA:707,96,0,0
BRDA:707,96,1,0
BRDA:859,97,0,0
BRDA:859,97,1,0
BRDA:868,98,0,0
BRDA:868,98,1,0
BRDA:896,99,0,0
BRDA:896,99,1,0
BRDA:940,100,0,0
BRDA:940,100,1,0
BRDA:968,101,0,0
BRDA:968,101,1,0
BRDA:993,102,0,0
BRDA:993,102,1,0
BRDA:1021,103,0,0
BRDA:1021,103,1,0
BRDA:1046,104,0,0
BRDA:1046,104,1,0
BRDA:1064,105,0,0
BRDA:1064,105,1,0
BRDA:1068,106,0,0
BRDA:1068,106,1,0
BRDA:1073,107,0,0
BRDA:1073,107,1,0
BRDA:1075,108,0,0
BRDA:1075,108,1,0
BRDA:1075,109,0,0
BRDA:1075,109,1,0
BRDA:1149,110,0,0
BRDA:1149,110,1,0
BRDA:1165,111,0,0
BRDA:1165,111,1,0
BRDA:1183,112,0,0
BRDA:1183,112,1,0
BRDA:1198,113,0,0
BRDA:1198,113,1,0
BRDA:1218,114,0,0
BRDA:1218,114,1,0
BRDA:1247,115,0,0
BRDA:1247,115,1,0
BRDA:1251,116,0,0
BRDA:1251,116,1,0
BRDA:1252,117,0,0
BRDA:1252,117,1,0
BRDA:1277,118,0,0
BRDA:1277,118,1,0
BRDA:1294,119,0,0
BRDA:1294,119,1,0
BRDA:1333,120,0,0
BRDA:1333,120,1,0
BRDA:1414,121,0,0
BRDA:1414,121,1,0
BRDA:1471,122,0,0
BRDA:1471,122,1,0
BRDA:1508,123,0,0
BRDA:1508,123,1,0
BRDA:1522,124,0,0
BRDA:1522,124,1,0
BRDA:1554,125,0,0
BRDA:1554,125,1,0
BRDA:1591,126,0,0
BRDA:1591,126,1,0
BRDA:1611,127,0,0
BRDA:1611,127,1,0
BRDA:1631,128,0,0
BRDA:1631,128,1,0
BRDA:1730,129,0,0
BRDA:1730,129,1,0
BRDA:1738,130,0,0
BRDA:1738,130,1,0
BRDA:1738,131,0,0
BRDA:1738,131,1,0
BRDA:1739,132,0,0
BRDA:1739,132,1,0
BRF:272
BRH:0
end_of_record
TN:
SF:src\components\Properties\createProperties\Plot\createPlot.tsx
FN:45,setNested
FN:49,(anonymous_1)
FN:63,flattenObject
FN:84,(anonymous_3)
FN:93,buildPayloadDynamic
FN:203,(anonymous_5)
FN:245,(anonymous_6)
FN:266,(anonymous_7)
FN:303,(anonymous_8)
FN:341,(anonymous_9)
FN:351,(anonymous_10)
FN:384,(anonymous_11)
FN:448,(anonymous_12)
FN:470,(anonymous_13)
FN:479,(anonymous_14)
FN:522,(anonymous_15)
FN:548,(anonymous_16)
FN:560,(anonymous_17)
FN:605,(anonymous_18)
FN:626,(anonymous_19)
FN:651,(anonymous_20)
FN:666,(anonymous_21)
FN:684,(anonymous_22)
FN:724,(anonymous_23)
FN:756,(anonymous_24)
FN:778,(anonymous_25)
FN:792,(anonymous_26)
FN:811,(anonymous_27)
FN:825,(anonymous_28)
FN:847,(anonymous_29)
FN:863,(anonymous_30)
FN:880,(anonymous_31)
FN:900,(anonymous_32)
FN:916,(anonymous_33)
FN:958,(anonymous_34)
FN:959,(anonymous_35)
FN:985,(anonymous_36)
FN:1006,(anonymous_37)
FN:1019,(anonymous_38)
FN:1115,(anonymous_39)
FN:1143,(anonymous_40)
FN:1144,(anonymous_41)
FN:1145,(anonymous_42)
FN:1180,(anonymous_43)
FN:1187,(anonymous_44)
FN:1195,(anonymous_45)
FN:1214,(anonymous_46)
FN:1224,(anonymous_47)
FN:1263,(anonymous_48)
FN:1287,(anonymous_49)
FN:1302,(anonymous_50)
FN:1317,(anonymous_51)
FN:1333,(anonymous_52)
FN:1365,(anonymous_53)
FN:1366,(anonymous_54)
FN:1368,(anonymous_55)
FN:1385,(anonymous_56)
FN:1386,(anonymous_57)
FN:1388,(anonymous_58)
FN:1405,(anonymous_59)
FN:1406,(anonymous_60)
FN:1408,(anonymous_61)
FN:1425,(anonymous_62)
FN:1426,(anonymous_63)
FN:1428,(anonymous_64)
FN:1452,(anonymous_65)
FN:1467,(anonymous_66)
FN:1489,(anonymous_67)
FN:1491,(anonymous_68)
FN:1497,(anonymous_69)
FNF:70
FNH:0
FNDA:0,setNested
FNDA:0,(anonymous_1)
FNDA:0,flattenObject
FNDA:0,(anonymous_3)
FNDA:0,buildPayloadDynamic
FNDA:0,(anonymous_5)
FNDA:0,(anonymous_6)
FNDA:0,(anonymous_7)
FNDA:0,(anonymous_8)
FNDA:0,(anonymous_9)
FNDA:0,(anonymous_10)
FNDA:0,(anonymous_11)
FNDA:0,(anonymous_12)
FNDA:0,(anonymous_13)
FNDA:0,(anonymous_14)
FNDA:0,(anonymous_15)
FNDA:0,(anonymous_16)
FNDA:0,(anonymous_17)
FNDA:0,(anonymous_18)
FNDA:0,(anonymous_19)
FNDA:0,(anonymous_20)
FNDA:0,(anonymous_21)
FNDA:0,(anonymous_22)
FNDA:0,(anonymous_23)
FNDA:0,(anonymous_24)
FNDA:0,(anonymous_25)
FNDA:0,(anonymous_26)
FNDA:0,(anonymous_27)
FNDA:0,(anonymous_28)
FNDA:0,(anonymous_29)
FNDA:0,(anonymous_30)
FNDA:0,(anonymous_31)
FNDA:0,(anonymous_32)
FNDA:0,(anonymous_33)
FNDA:0,(anonymous_34)
FNDA:0,(anonymous_35)
FNDA:0,(anonymous_36)
FNDA:0,(anonymous_37)
FNDA:0,(anonymous_38)
FNDA:0,(anonymous_39)
FNDA:0,(anonymous_40)
FNDA:0,(anonymous_41)
FNDA:0,(anonymous_42)
FNDA:0,(anonymous_43)
FNDA:0,(anonymous_44)
FNDA:0,(anonymous_45)
FNDA:0,(anonymous_46)
FNDA:0,(anonymous_47)
FNDA:0,(anonymous_48)
FNDA:0,(anonymous_49)
FNDA:0,(anonymous_50)
FNDA:0,(anonymous_51)
FNDA:0,(anonymous_52)
FNDA:0,(anonymous_53)
FNDA:0,(anonymous_54)
FNDA:0,(anonymous_55)
FNDA:0,(anonymous_56)
FNDA:0,(anonymous_57)
FNDA:0,(anonymous_58)
FNDA:0,(anonymous_59)
FNDA:0,(anonymous_60)
FNDA:0,(anonymous_61)
FNDA:0,(anonymous_62)
FNDA:0,(anonymous_63)
FNDA:0,(anonymous_64)
FNDA:0,(anonymous_65)
FNDA:0,(anonymous_66)
FNDA:0,(anonymous_67)
FNDA:0,(anonymous_68)
FNDA:0,(anonymous_69)
DA:30,0
DA:36,0
DA:42,0
DA:46,0
DA:47,0
DA:49,0
DA:50,0
DA:51,0
DA:53,0
DA:54,0
DA:57,0
DA:68,0
DA:69,0
DA:70,0
DA:75,0
DA:77,0
DA:80,0
DA:84,0
DA:85,0
DA:94,0
DA:97,0
DA:98,0
DA:99,0
DA:100,0
DA:101,0
DA:104,0
DA:105,0
DA:106,0
DA:107,0
DA:110,0
DA:111,0
DA:116,0
DA:117,0
DA:122,0
DA:123,0
DA:124,0
DA:129,0
DA:130,0
DA:131,0
DA:132,0
DA:137,0
DA:140,0
DA:141,0
DA:142,0
DA:147,0
DA:148,0
DA:155,0
DA:160,0
DA:165,0
DA:170,0
DA:173,0
DA:174,0
DA:181,0
DA:182,0
DA:183,0
DA:185,0
DA:186,0
DA:187,0
DA:188,0
DA:189,0
DA:190,0
DA:191,0
DA:192,0
DA:193,0
DA:194,0
DA:195,0
DA:196,0
DA:197,0
DA:198,0
DA:200,0
DA:203,0
DA:205,0
DA:206,0
DA:207,0
DA:208,0
DA:209,0
DA:210,0
DA:212,0
DA:213,0
DA:215,0
DA:218,0
DA:219,0
DA:220,0
DA:221,0
DA:222,0
DA:223,0
DA:224,0
DA:225,0
DA:226,0
DA:227,0
DA:229,0
DA:230,0
DA:231,0
DA:232,0
DA:233,0
DA:234,0
DA:235,0
DA:236,0
DA:238,0
DA:239,0
DA:240,0
DA:241,0
DA:242,0
DA:243,0
DA:245,0
DA:246,0
DA:247,0
DA:248,0
DA:249,0
DA:250,0
DA:251,0
DA:252,0
DA:253,0
DA:254,0
DA:255,0
DA:256,0
DA:257,0
DA:258,0
DA:260,0
DA:261,0
DA:262,0
DA:265,0
DA:266,0
DA:272,0
DA:273,0
DA:274,0
DA:275,0
DA:277,0
DA:278,0
DA:279,0
DA:280,0
DA:281,0
DA:282,0
DA:283,0
DA:284,0
DA:286,0
DA:287,0
DA:292,0
DA:297,0
DA:303,0
DA:304,0
DA:310,0
DA:311,0
DA:312,0
DA:313,0
DA:316,0
DA:317,0
DA:318,0
DA:320,0
DA:327,0
DA:329,0
DA:332,0
DA:334,0
DA:337,0
DA:341,0
DA:342,0
DA:343,0
DA:344,0
DA:345,0
DA:346,0
DA:351,0
DA:352,0
DA:355,0
DA:356,0
DA:357,0
DA:358,0
DA:359,0
DA:360,0
DA:363,0
DA:364,0
DA:365,0
DA:367,0
DA:368,0
DA:378,0
DA:381,0
DA:384,0
DA:385,0
DA:386,0
DA:387,0
DA:389,0
DA:390,0
DA:392,0
DA:393,0
DA:394,0
DA:396,0
DA:400,0
DA:405,0
DA:448,0
DA:463,0
DA:466,0
DA:468,0
DA:470,0
DA:471,0
DA:472,0
DA:477,0
DA:479,0
DA:480,0
DA:481,0
DA:486,0
DA:487,0
DA:489,0
DA:497,0
DA:499,0
DA:503,0
DA:504,0
DA:506,0
DA:509,0
DA:510,0
DA:521,0
DA:523,0
DA:524,0
DA:528,0
DA:529,0
DA:530,0
DA:532,0
DA:539,0
DA:541,0
DA:545,0
DA:547,0
DA:549,0
DA:550,0
DA:555,0
DA:560,0
DA:561,0
DA:565,0
DA:574,0
DA:605,0
DA:626,0
DA:651,0
DA:666,0
DA:684,0
DA:725,0
DA:757,0
DA:778,0
DA:793,0
DA:811,0
DA:825,0
DA:848,0
DA:864,0
DA:880,0
DA:901,0
DA:917,0
DA:958,0
DA:960,0
DA:961,0
DA:962,0
DA:963,0
DA:965,0
DA:966,0
DA:967,0
DA:968,0
DA:969,0
DA:970,0
DA:971,0
DA:985,0
DA:1006,0
DA:1019,0
DA:1116,0
DA:1144,0
DA:1145,0
DA:1181,0
DA:1183,0
DA:1184,0
DA:1186,0
DA:1188,0
DA:1189,0
DA:1190,0
DA:1192,0
DA:1195,0
DA:1204,0
DA:1206,0
DA:1207,0
DA:1214,0
DA:1215,0
DA:1225,0
DA:1263,0
DA:1288,0
DA:1302,0
DA:1317,0
DA:1333,0
DA:1366,0
DA:1367,0
DA:1368,0
DA:1386,0
DA:1387,0
DA:1388,0
DA:1406,0
DA:1407,0
DA:1408,0
DA:1426,0
DA:1427,0
DA:1428,0
DA:1452,0
DA:1467,0
DA:1490,0
DA:1492,0
DA:1498,0
DA:1500,0
LF:298
LH:0
BRDA:50,0,0,0
BRDA:50,0,1,0
BRDA:53,1,0,0
BRDA:53,1,1,0
BRDA:53,2,0,0
BRDA:53,2,1,0
BRDA:65,3,0,0
BRDA:66,4,0,0
BRDA:69,5,0,0
BRDA:69,5,1,0
BRDA:70,6,0,0
BRDA:70,6,1,0
BRDA:71,7,0,0
BRDA:71,7,1,0
BRDA:71,7,2,0
BRDA:100,8,0,0
BRDA:100,8,1,0
BRDA:110,9,0,0
BRDA:110,9,1,0
BRDA:114,10,0,0
BRDA:114,10,1,0
BRDA:120,11,0,0
BRDA:120,11,1,0
BRDA:123,12,0,0
BRDA:123,12,1,0
BRDA:127,13,0,0
BRDA:127,13,1,0
BRDA:131,14,0,0
BRDA:131,14,1,0
BRDA:135,15,0,0
BRDA:135,15,1,0
BRDA:141,16,0,0
BRDA:141,16,1,0
BRDA:147,17,0,0
BRDA:147,17,1,0
BRDA:158,18,0,0
BRDA:158,18,1,0
BRDA:163,19,0,0
BRDA:163,19,1,0
BRDA:168,20,0,0
BRDA:168,20,1,0
BRDA:170,21,0,0
BRDA:170,21,1,0
BRDA:173,22,0,0
BRDA:173,22,1,0
BRDA:174,23,0,0
BRDA:174,23,1,0
BRDA:183,24,0,0
BRDA:183,24,1,0
BRDA:186,25,0,0
BRDA:186,25,1,0
BRDA:187,26,0,0
BRDA:187,26,1,0
BRDA:188,27,0,0
BRDA:188,27,1,0
BRDA:189,28,0,0
BRDA:189,28,1,0
BRDA:190,29,0,0
BRDA:190,29,1,0
BRDA:198,30,0,0
BRDA:198,30,1,0
BRDA:246,31,0,0
BRDA:246,31,1,0
BRDA:246,32,0,0
BRDA:246,32,1,0
BRDA:247,33,0,0
BRDA:247,33,1,0
BRDA:248,34,0,0
BRDA:248,34,1,0
BRDA:249,35,0,0
BRDA:249,35,1,0
BRDA:250,36,0,0
BRDA:250,36,1,0
BRDA:251,37,0,0
BRDA:251,37,1,0
BRDA:252,38,0,0
BRDA:252,38,1,0
BRDA:253,39,0,0
BRDA:253,39,1,0
BRDA:254,40,0,0
BRDA:254,40,1,0
BRDA:255,41,0,0
BRDA:255,41,1,0
BRDA:256,42,0,0
BRDA:256,42,1,0
BRDA:257,43,0,0
BRDA:257,43,1,0
BRDA:258,44,0,0
BRDA:258,44,1,0
BRDA:260,45,0,0
BRDA:260,45,1,0
BRDA:261,46,0,0
BRDA:261,46,1,0
BRDA:262,47,0,0
BRDA:262,47,1,0
BRDA:266,48,0,0
BRDA:266,48,1,0
BRDA:272,49,0,0
BRDA:272,49,1,0
BRDA:273,50,0,0
BRDA:273,50,1,0
BRDA:274,51,0,0
BRDA:274,51,1,0
BRDA:275,52,0,0
BRDA:275,52,1,0
BRDA:278,53,0,0
BRDA:278,53,1,0
BRDA:279,54,0,0
BRDA:279,54,1,0
BRDA:281,55,0,0
BRDA:281,55,1,0
BRDA:283,56,0,0
BRDA:283,56,1,0
BRDA:287,57,0,0
BRDA:287,57,1,0
BRDA:299,58,0,0
BRDA:299,58,1,0
BRDA:318,59,0,0
BRDA:318,59,1,0
BRDA:318,60,0,0
BRDA:318,60,1,0
BRDA:342,61,0,0
BRDA:342,61,1,0
BRDA:355,62,0,0
BRDA:355,62,1,0
BRDA:356,63,0,0
BRDA:356,63,1,0
BRDA:357,64,0,0
BRDA:357,64,1,0
BRDA:359,65,0,0
BRDA:359,65,1,0
BRDA:363,66,0,0
BRDA:363,66,1,0
BRDA:365,67,0,0
BRDA:365,67,1,0
BRDA:367,68,0,0
BRDA:367,68,1,0
BRDA:392,69,0,0
BRDA:392,69,1,0
BRDA:418,70,0,0
BRDA:418,70,1,0
BRDA:422,71,0,0
BRDA:422,71,1,0
BRDA:428,72,0,0
BRDA:428,72,1,0
BRDA:450,73,0,0
BRDA:450,73,1,0
BRDA:451,74,0,0
BRDA:451,74,1,0
BRDA:471,75,0,0
BRDA:471,75,1,0
BRDA:480,76,0,0
BRDA:480,76,1,0
BRDA:481,77,0,0
BRDA:481,77,1,0
BRDA:486,78,0,0
BRDA:486,78,1,0
BRDA:497,79,0,0
BRDA:497,79,1,0
BRDA:506,80,0,0
BRDA:506,80,1,0
BRDA:509,81,0,0
BRDA:509,81,1,0
BRDA:521,82,0,0
BRDA:521,82,1,0
BRDA:529,83,0,0
BRDA:529,83,1,0
BRDA:541,84,0,0
BRDA:541,84,1,0
BRDA:541,84,2,0
BRDA:541,84,3,0
BRDA:547,85,0,0
BRDA:547,85,1,0
BRDA:565,86,0,0
BRDA:565,86,1,0
BRDA:565,86,2,0
BRDA:565,86,3,0
BRDA:565,86,4,0
BRDA:565,86,5,0
BRDA:593,87,0,0
BRDA:593,87,1,0
BRDA:755,88,0,0
BRDA:755,88,1,0
BRDA:765,89,0,0
BRDA:765,89,1,0
BRDA:791,90,0,0
BRDA:791,90,1,0
BRDA:834,91,0,0
BRDA:834,91,1,0
BRDA:862,92,0,0
BRDA:862,92,1,0
BRDA:887,93,0,0
BRDA:887,93,1,0
BRDA:915,94,0,0
BRDA:915,94,1,0
BRDA:938,95,0,0
BRDA:938,95,1,0
BRDA:956,96,0,0
BRDA:956,96,1,0
BRDA:960,97,0,0
BRDA:960,97,1,0
BRDA:965,98,0,0
BRDA:965,98,1,0
BRDA:967,99,0,0
BRDA:967,99,1,0
BRDA:967,100,0,0
BRDA:967,100,1,0
BRDA:1042,101,0,0
BRDA:1042,101,1,0
BRDA:1058,102,0,0
BRDA:1058,102,1,0
BRDA:1076,103,0,0
BRDA:1076,103,1,0
BRDA:1091,104,0,0
BRDA:1091,104,1,0
BRDA:1111,105,0,0
BRDA:1111,105,1,0
BRDA:1162,106,0,0
BRDA:1162,106,1,0
BRDA:1168,107,0,0
BRDA:1168,107,1,0
BRDA:1168,108,0,0
BRDA:1168,108,1,0
BRDA:1170,109,0,0
BRDA:1170,109,1,0
BRDA:1181,110,0,0
BRDA:1181,110,1,0
BRDA:1189,111,0,0
BRDA:1189,111,1,0
BRDA:1204,112,0,0
BRDA:1204,112,1,0
BRDA:1206,113,0,0
BRDA:1206,113,1,0
BRDA:1209,114,0,0
BRDA:1209,114,1,0
BRDA:1235,115,0,0
BRDA:1235,115,1,0
BRDA:1286,116,0,0
BRDA:1286,116,1,0
BRDA:1367,117,0,0
BRDA:1367,117,1,0
BRDA:1387,118,0,0
BRDA:1387,118,1,0
BRDA:1407,119,0,0
BRDA:1407,119,1,0
BRDA:1427,120,0,0
BRDA:1427,120,1,0
BRDA:1527,121,0,0
BRDA:1527,121,1,0
BRDA:1535,122,0,0
BRDA:1535,122,1,0
BRDA:1535,123,0,0
BRDA:1535,123,1,0
BRDA:1536,124,0,0
BRDA:1536,124,1,0
BRF:255
BRH:0
end_of_record
TN:
SF:src\components\Properties\viewProperties\CommercialProperty\CommercialViewProperty.tsx
FN:40,(anonymous_0)
FN:49,(anonymous_1)
FN:60,(anonymous_2)
FN:61,(anonymous_3)
FN:67,(anonymous_4)
FN:82,(anonymous_5)
FN:151,(anonymous_6)
FN:547,(anonymous_7)
FN:553,(anonymous_8)
FN:559,(anonymous_9)
FNF:10
FNH:0
FNDA:0,(anonymous_0)
FNDA:0,(anonymous_1)
FNDA:0,(anonymous_2)
FNDA:0,(anonymous_3)
FNDA:0,(anonymous_4)
FNDA:0,(anonymous_5)
FNDA:0,(anonymous_6)
FNDA:0,(anonymous_7)
FNDA:0,(anonymous_8)
FNDA:0,(anonymous_9)
DA:40,0
DA:41,0
DA:42,0
DA:43,0
DA:47,0
DA:49,0
DA:50,0
DA:54,0
DA:60,0
DA:62,0
DA:63,0
DA:67,0
DA:68,0
DA:69,0
DA:70,0
DA:73,0
DA:75,0
DA:82,0
DA:85,0
DA:86,0
DA:87,0
DA:90,0
DA:91,0
DA:110,0
DA:117,0
DA:119,0
DA:120,0
DA:124,0
DA:125,0
DA:129,0
DA:131,0
DA:132,0
DA:135,0
DA:142,0
DA:148,0
DA:151,0
DA:547,0
DA:553,0
DA:559,0
LF:39
LH:0
BRDA:68,0,0,0
BRDA:68,0,1,0
BRDA:85,1,0,0
BRDA:85,1,1,0
BRDA:117,2,0,0
BRDA:117,2,1,0
BRDA:129,3,0,0
BRDA:129,3,1,0
BRDA:135,4,0,0
BRDA:135,4,1,0
BRDA:137,5,0,0
BRDA:137,5,1,0
BRDA:137,6,0,0
BRDA:137,6,1,0
BRDA:142,7,0,0
BRDA:142,7,1,0
BRDA:144,8,0,0
BRDA:144,8,1,0
BRDA:144,9,0,0
BRDA:144,9,1,0
BRDA:157,10,0,0
BRDA:157,10,1,0
BRDA:199,11,0,0
BRDA:199,11,1,0
BRDA:199,11,2,0
BRDA:210,12,0,0
BRDA:210,12,1,0
BRDA:239,13,0,0
BRDA:239,13,1,0
BRDA:239,13,2,0
BRDA:239,13,3,0
BRDA:239,13,4,0
BRDA:239,13,5,0
BRDA:247,14,0,0
BRDA:247,14,1,0
BRDA:257,15,0,0
BRDA:257,15,1,0
BRDA:269,16,0,0
BRDA:269,16,1,0
BRDA:279,17,0,0
BRDA:279,17,1,0
BRDA:289,18,0,0
BRDA:289,18,1,0
BRDA:304,19,0,0
BRDA:304,19,1,0
BRDA:304,19,2,0
BRDA:304,19,3,0
BRDA:304,19,4,0
BRDA:304,19,5,0
BRDA:304,19,6,0
BRDA:313,20,0,0
BRDA:313,20,1,0
BRDA:323,21,0,0
BRDA:323,21,1,0
BRDA:333,22,0,0
BRDA:333,22,1,0
BRDA:343,23,0,0
BRDA:343,23,1,0
BRDA:353,24,0,0
BRDA:353,24,1,0
BRDA:363,25,0,0
BRDA:363,25,1,0
BRDA:376,26,0,0
BRDA:376,26,1,0
BRDA:376,26,2,0
BRDA:376,26,3,0
BRDA:383,27,0,0
BRDA:383,27,1,0
BRDA:394,28,0,0
BRDA:394,28,1,0
BRDA:405,29,0,0
BRDA:405,29,1,0
BRF:72
BRH:0
end_of_record
TN:
SF:src\components\Properties\viewProperties\PlotView\PlotViewProperty.tsx
FN:41,(anonymous_0)
FN:48,(anonymous_1)
FN:59,(anonymous_2)
FN:60,(anonymous_3)
FN:66,(anonymous_4)
FN:81,(anonymous_5)
FN:152,(anonymous_6)
FN:521,(anonymous_7)
FN:527,(anonymous_8)
FN:533,(anonymous_9)
FNF:10
FNH:0
FNDA:0,(anonymous_0)
FNDA:0,(anonymous_1)
FNDA:0,(anonymous_2)
FNDA:0,(anonymous_3)
FNDA:0,(anonymous_4)
FNDA:0,(anonymous_5)
FNDA:0,(anonymous_6)
FNDA:0,(anonymous_7)
FNDA:0,(anonymous_8)
FNDA:0,(anonymous_9)
DA:41,0
DA:42,0
DA:43,0
DA:44,0
DA:46,0
DA:48,0
DA:49,0
DA:53,0
DA:59,0
DA:61,0
DA:62,0
DA:66,0
DA:67,0
DA:68,0
DA:69,0
DA:72,0
DA:74,0
DA:81,0
DA:84,0
DA:85,0
DA:86,0
DA:89,0
DA:90,0
DA:110,0
DA:117,0
DA:119,0
DA:120,0
DA:123,0
DA:124,0
DA:129,0
DA:131,0
DA:132,0
DA:135,0
DA:142,0
DA:149,0
DA:152,0
DA:521,0
DA:527,0
DA:533,0
LF:39
LH:0
BRDA:67,0,0,0
BRDA:67,0,1,0
BRDA:84,1,0,0
BRDA:84,1,1,0
BRDA:117,2,0,0
BRDA:117,2,1,0
BRDA:129,3,0,0
BRDA:129,3,1,0
BRDA:135,4,0,0
BRDA:135,4,1,0
BRDA:137,5,0,0
BRDA:137,5,1,0
BRDA:137,6,0,0
BRDA:137,6,1,0
BRDA:142,7,0,0
BRDA:142,7,1,0
BRDA:144,8,0,0
BRDA:144,8,1,0
BRDA:144,9,0,0
BRDA:144,9,1,0
BRDA:158,10,0,0
BRDA:158,10,1,0
BRDA:200,11,0,0
BRDA:200,11,1,0
BRDA:200,11,2,0
BRDA:211,12,0,0
BRDA:211,12,1,0
BRDA:240,13,0,0
BRDA:240,13,1,0
BRDA:240,13,2,0
BRDA:240,13,3,0
BRDA:240,13,4,0
BRDA:240,13,5,0
BRDA:248,14,0,0
BRDA:248,14,1,0
BRDA:258,15,0,0
BRDA:258,15,1,0
BRDA:268,16,0,0
BRDA:268,16,1,0
BRDA:281,17,0,0
BRDA:281,17,1,0
BRDA:281,17,2,0
BRDA:281,17,3,0
BRDA:281,17,4,0
BRDA:281,17,5,0
BRDA:281,17,6,0
BRDA:290,18,0,0
BRDA:290,18,1,0
BRDA:300,19,0,0
BRDA:300,19,1,0
BRDA:310,20,0,0
BRDA:310,20,1,0
BRDA:320,21,0,0
BRDA:320,21,1,0
BRDA:330,22,0,0
BRDA:330,22,1,0
BRDA:340,23,0,0
BRDA:340,23,1,0
BRDA:353,24,0,0
BRDA:353,24,1,0
BRDA:353,24,2,0
BRDA:353,24,3,0
BRDA:360,25,0,0
BRDA:360,25,1,0
BRDA:371,26,0,0
BRDA:371,26,1,0
BRDA:382,27,0,0
BRDA:382,27,1,0
BRF:68
BRH:0
end_of_record
TN:
SF:src\components\Properties\viewProperties\ResidentialView\ResidentialViewProperty.tsx
FN:54,(anonymous_0)
FN:61,(anonymous_1)
FN:72,(anonymous_2)
FN:73,(anonymous_3)
FN:79,(anonymous_4)
FN:94,(anonymous_5)
FN:162,(anonymous_6)
FN:758,(anonymous_7)
FN:767,(anonymous_8)
FN:776,(anonymous_9)
FNF:10
FNH:0
FNDA:0,(anonymous_0)
FNDA:0,(anonymous_1)
FNDA:0,(anonymous_2)
FNDA:0,(anonymous_3)
FNDA:0,(anonymous_4)
FNDA:0,(anonymous_5)
FNDA:0,(anonymous_6)
FNDA:0,(anonymous_7)
FNDA:0,(anonymous_8)
FNDA:0,(anonymous_9)
DA:54,0
DA:55,0
DA:56,0
DA:57,0
DA:59,0
DA:61,0
DA:62,0
DA:66,0
DA:72,0
DA:74,0
DA:75,0
DA:79,0
DA:80,0
DA:81,0
DA:82,0
DA:85,0
DA:87,0
DA:94,0
DA:97,0
DA:98,0
DA:99,0
DA:102,0
DA:103,0
DA:122,0
DA:129,0
DA:131,0
DA:132,0
DA:135,0
DA:136,0
DA:140,0
DA:142,0
DA:143,0
DA:146,0
DA:153,0
DA:159,0
DA:162,0
DA:758,0
DA:767,0
DA:776,0
LF:39
LH:0
BRDA:80,0,0,0
BRDA:80,0,1,0
BRDA:97,1,0,0
BRDA:97,1,1,0
BRDA:129,2,0,0
BRDA:129,2,1,0
BRDA:140,3,0,0
BRDA:140,3,1,0
BRDA:146,4,0,0
BRDA:146,4,1,0
BRDA:148,5,0,0
BRDA:148,5,1,0
BRDA:148,6,0,0
BRDA:148,6,1,0
BRDA:153,7,0,0
BRDA:153,7,1,0
BRDA:155,8,0,0
BRDA:155,8,1,0
BRDA:155,9,0,0
BRDA:155,9,1,0
BRDA:169,10,0,0
BRDA:169,10,1,0
BRDA:211,11,0,0
BRDA:211,11,1,0
BRDA:211,11,2,0
BRDA:222,12,0,0
BRDA:222,12,1,0
BRDA:251,13,0,0
BRDA:251,13,1,0
BRDA:251,13,2,0
BRDA:251,13,3,0
BRDA:251,13,4,0
BRDA:251,13,5,0
BRDA:251,13,6,0
BRDA:251,13,7,0
BRDA:251,13,8,0
BRDA:251,13,9,0
BRDA:263,14,0,0
BRDA:263,14,1,0
BRDA:273,15,0,0
BRDA:273,15,1,0
BRDA:283,16,0,0
BRDA:283,16,1,0
BRDA:293,17,0,0
BRDA:293,17,1,0
BRDA:303,18,0,0
BRDA:303,18,1,0
BRDA:313,19,0,0
BRDA:313,19,1,0
BRDA:323,20,0,0
BRDA:323,20,1,0
BRDA:333,21,0,0
BRDA:333,21,1,0
BRDA:343,22,0,0
BRDA:343,22,1,0
BRDA:355,23,0,0
BRDA:355,23,1,0
BRDA:355,23,2,0
BRDA:355,23,3,0
BRDA:355,23,4,0
BRDA:355,23,5,0
BRDA:355,23,6,0
BRDA:364,24,0,0
BRDA:364,24,1,0
BRDA:374,25,0,0
BRDA:374,25,1,0
BRDA:384,26,0,0
BRDA:384,26,1,0
BRDA:394,27,0,0
BRDA:394,27,1,0
BRDA:404,28,0,0
BRDA:404,28,1,0
BRDA:414,29,0,0
BRDA:414,29,1,0
BRDA:427,30,0,0
BRDA:427,30,1,0
BRDA:427,30,2,0
BRDA:427,30,3,0
BRDA:427,30,4,0
BRDA:427,30,5,0
BRDA:427,30,6,0
BRDA:427,30,7,0
BRDA:438,31,0,0
BRDA:438,31,1,0
BRDA:449,32,0,0
BRDA:449,32,1,0
BRDA:460,33,0,0
BRDA:460,33,1,0
BRDA:471,34,0,0
BRDA:471,34,1,0
BRDA:482,35,0,0
BRDA:482,35,1,0
BRDA:493,36,0,0
BRDA:493,36,1,0
BRDA:504,37,0,0
BRDA:504,37,1,0
BRDA:517,38,0,0
BRDA:517,38,1,0
BRDA:517,38,2,0
BRDA:517,38,3,0
BRDA:523,39,0,0
BRDA:523,39,1,0
BRDA:533,40,0,0
BRDA:533,40,1,0
BRDA:543,41,0,0
BRDA:543,41,1,0
BRDA:555,42,0,0
BRDA:555,42,1,0
BRDA:555,42,2,0
BRDA:561,43,0,0
BRDA:561,43,1,0
BRDA:575,44,0,0
BRDA:575,44,1,0
BRDA:587,45,0,0
BRDA:587,45,1,0
BRDA:587,45,2,0
BRDA:587,45,3,0
BRDA:594,46,0,0
BRDA:594,46,1,0
BRDA:605,47,0,0
BRDA:605,47,1,0
BRDA:616,48,0,0
BRDA:616,48,1,0
BRF:123
BRH:0
end_of_record
TN:
SF:src\slicers\commonSlicers.ts
FN:16,(anonymous_0)
FN:19,(anonymous_1)
FN:22,(anonymous_2)
FNF:3
FNH:0
FNDA:0,(anonymous_0)
FNDA:0,(anonymous_1)
FNDA:0,(anonymous_2)
DA:8,0
DA:12,0
DA:17,0
DA:20,0
DA:23,0
DA:28,0
LF:6
LH:0
BRF:0
BRH:0
end_of_record
TN:
SF:src\slicers\tabsSlice.ts
FN:16,(anonymous_0)
FNF:1
FNH:0
FNDA:0,(anonymous_0)
DA:9,0
DA:12,0
DA:17,0
DA:22,0
LF:4
LH:0
BRF:0
BRH:0
end_of_record
